giu 06, 2015 5:33:29 PM org.apache.catalina.core.StandardContext listenerStart
GRAVE: Exception sending context initialized event to listener instance of class org.apache.myfaces.webapp.StartupServletContextListener
java.lang.NoClassDefFoundError: LProdottoFacade;
	at java.lang.Class.getDeclaredFields0(Native Method)
	at java.lang.Class.privateGetDeclaredFields(Class.java:2583)
	at java.lang.Class.getDeclaredFields(Class.java:1916)
	at org.apache.myfaces.config.annotation.AnnotationConfigurator.fields(AnnotationConfigurator.java:565)
	at org.apache.myfaces.config.annotation.AnnotationConfigurator.handleManagedBean(AnnotationConfigurator.java:397)
	at org.apache.myfaces.config.annotation.AnnotationConfigurator.createFacesConfig(AnnotationConfigurator.java:267)
	at org.apache.myfaces.config.annotation.AnnotationConfigurator.createFacesConfig(AnnotationConfigurator.java:93)
	at org.apache.myfaces.config.DefaultFacesConfigurationProvider.getAnnotationsFacesConfig(DefaultFacesConfigurationProvider.java:200)
	at org.apache.myfaces.config.DefaultFacesConfigurationMerger.getFacesConfigData(DefaultFacesConfigurationMerger.java:91)
	at org.apache.myfaces.config.FacesConfigurator.configure(FacesConfigurator.java:592)
	at org.apache.myfaces.webapp.AbstractFacesInitializer.buildConfiguration(AbstractFacesInitializer.java:416)
	at org.apache.myfaces.webapp.Jsp21FacesInitializer.initContainerIntegration(Jsp21FacesInitializer.java:73)
	at org.apache.myfaces.webapp.AbstractFacesInitializer.initFaces(AbstractFacesInitializer.java:172)
	at org.apache.myfaces.webapp.StartupServletContextListener.contextInitialized(StartupServletContextListener.java:119)
	at org.apache.catalina.core.StandardContext.listenerStart(StandardContext.java:4992)
	at org.apache.catalina.core.StandardContext.startInternal(StandardContext.java:5490)
	at org.apache.catalina.util.LifecycleBase.start(LifecycleBase.java:150)
	at org.apache.catalina.core.ContainerBase.addChildInternal(ContainerBase.java:901)
	at org.apache.catalina.core.ContainerBase.addChild(ContainerBase.java:877)
	at org.apache.catalina.core.StandardHost.addChild(StandardHost.java:649)
	at org.apache.catalina.startup.HostConfig.deployWAR(HostConfig.java:1083)
	at org.apache.catalina.startup.HostConfig$DeployWar.run(HostConfig.java:1880)
	at java.util.concurrent.Executors$RunnableAdapter.call(Executors.java:511)
	at java.util.concurrent.FutureTask.run(FutureTask.java:266)
	at java.util.concurrent.ThreadPoolExecutor.runWorker(ThreadPoolExecutor.java:1142)
	at java.util.concurrent.ThreadPoolExecutor$Worker.run(ThreadPoolExecutor.java:617)
	at java.lang.Thread.run(Thread.java:745)
Caused by: java.lang.ClassNotFoundException: ProdottoFacade
	at org.apache.catalina.loader.WebappClassLoader.loadClass(WebappClassLoader.java:1720)
	at org.apache.catalina.loader.WebappClassLoader.loadClass(WebappClassLoader.java:1571)
	at org.apache.tomee.catalina.LazyStopWebappClassLoader.loadClass(LazyStopWebappClassLoader.java:129)
	... 27 more

giu 06, 2015 5:33:29 PM org.apache.catalina.core.StandardContext listenerStop
GRAVE: Exception sending context destroyed event to listener instance of class org.apache.myfaces.webapp.StartupServletContextListener
java.lang.IllegalStateException: No Factories configured for this Application. This happens if the faces-initialization does not work at all - make sure that you properly include all configuration settings necessary for a basic faces application and that all the necessary libs are included. Also check the logging output of your web application and your container for any exceptions!
If you did that and find nothing, the mistake might be due to the fact that you use some special web-containers which do not support registering context-listeners via TLD files and a context listener is not setup in your web.xml.
A typical config looks like this;
<listener>
  <listener-class>org.apache.myfaces.webapp.StartupServletContextListener</listener-class>
</listener>

	at javax.faces.FactoryFinder._getFactory(FactoryFinder.java:305)
	at javax.faces.FactoryFinder.getFactory(FactoryFinder.java:225)
	at org.apache.myfaces.context.servlet.FacesContextImplBase.getApplication(FacesContextImplBase.java:169)
	at org.apache.myfaces.webapp.AbstractFacesInitializer._dispatchApplicationEvent(AbstractFacesInitializer.java:329)
	at org.apache.myfaces.webapp.AbstractFacesInitializer.destroyFaces(AbstractFacesInitializer.java:364)
	at org.apache.myfaces.webapp.StartupServletContextListener.contextDestroyed(StartupServletContextListener.java:161)
	at org.apache.catalina.core.StandardContext.listenerStop(StandardContext.java:5033)
	at org.apache.catalina.core.StandardContext.stopInternal(StandardContext.java:5685)
	at org.apache.catalina.util.LifecycleBase.stop(LifecycleBase.java:232)
	at org.apache.catalina.util.LifecycleBase.start(LifecycleBase.java:160)
	at org.apache.catalina.core.ContainerBase.addChildInternal(ContainerBase.java:901)
	at org.apache.catalina.core.ContainerBase.addChild(ContainerBase.java:877)
	at org.apache.catalina.core.StandardHost.addChild(StandardHost.java:649)
	at org.apache.catalina.startup.HostConfig.deployWAR(HostConfig.java:1083)
	at org.apache.catalina.startup.HostConfig$DeployWar.run(HostConfig.java:1880)
	at java.util.concurrent.Executors$RunnableAdapter.call(Executors.java:511)
	at java.util.concurrent.FutureTask.run(FutureTask.java:266)
	at java.util.concurrent.ThreadPoolExecutor.runWorker(ThreadPoolExecutor.java:1142)
	at java.util.concurrent.ThreadPoolExecutor$Worker.run(ThreadPoolExecutor.java:617)
	at java.lang.Thread.run(Thread.java:745)

giu 06, 2015 5:48:36 PM org.apache.catalina.core.StandardWrapperValve invoke
GRAVE: Servlet.service() for servlet [Faces Servlet] in context with path [/paws-and-claws] threw exception [WebBeans context with scope type annotation @RequestScoped does not exist within current thread] with root cause
javax.enterprise.context.ContextNotActiveException: WebBeans context with scope type annotation @RequestScoped does not exist within current thread
	at org.apache.webbeans.container.BeanManagerImpl.getContext(BeanManagerImpl.java:330)
	at org.apache.webbeans.intercept.NormalScopedBeanInterceptorHandler.getContextualInstance(NormalScopedBeanInterceptorHandler.java:88)
	at org.apache.webbeans.web.intercept.RequestScopedBeanInterceptorHandler.getContextualInstance(RequestScopedBeanInterceptorHandler.java:78)
	at org.apache.webbeans.intercept.NormalScopedBeanInterceptorHandler.get(NormalScopedBeanInterceptorHandler.java:70)
	at org.apache.webbeans.conversation.ConversationImpl$$OwbNormalScopeProxy2.isTransient(org/apache/webbeans/conversation/ConversationImpl.java)
	at org.apache.webbeans.jsf.WebBeansPhaseListener.beforePhase(WebBeansPhaseListener.java:108)
	at org.apache.myfaces.lifecycle.PhaseListenerManager.informPhaseListenersBefore(PhaseListenerManager.java:77)
	at org.apache.myfaces.lifecycle.LifecycleImpl.executePhase(LifecycleImpl.java:184)
	at org.apache.myfaces.lifecycle.LifecycleImpl.execute(LifecycleImpl.java:143)
	at javax.faces.webapp.FacesServlet.service(FacesServlet.java:198)
	at org.apache.catalina.core.ApplicationFilterChain.internalDoFilter(ApplicationFilterChain.java:303)
	at org.apache.catalina.core.ApplicationFilterChain.doFilter(ApplicationFilterChain.java:208)
	at org.apache.tomcat.websocket.server.WsFilter.doFilter(WsFilter.java:52)
	at org.apache.catalina.core.ApplicationFilterChain.internalDoFilter(ApplicationFilterChain.java:241)
	at org.apache.catalina.core.ApplicationFilterChain.doFilter(ApplicationFilterChain.java:208)
	at org.apache.catalina.core.StandardWrapperValve.invoke(StandardWrapperValve.java:220)
	at org.apache.catalina.core.StandardContextValve.invoke(StandardContextValve.java:122)
	at org.apache.catalina.authenticator.AuthenticatorBase.invoke(AuthenticatorBase.java:501)
	at org.apache.catalina.core.StandardHostValve.invoke(StandardHostValve.java:171)
	at org.apache.catalina.valves.ErrorReportValve.invoke(ErrorReportValve.java:103)
	at org.apache.catalina.valves.AccessLogValve.invoke(AccessLogValve.java:950)
	at org.apache.catalina.core.StandardEngineValve.invoke(StandardEngineValve.java:116)
	at org.apache.catalina.connector.CoyoteAdapter.service(CoyoteAdapter.java:408)
	at org.apache.coyote.http11.AbstractHttp11Processor.process(AbstractHttp11Processor.java:1070)
	at org.apache.coyote.AbstractProtocol$AbstractConnectionHandler.process(AbstractProtocol.java:611)
	at org.apache.tomcat.util.net.JIoEndpoint$SocketProcessor.run(JIoEndpoint.java:314)
	at java.util.concurrent.ThreadPoolExecutor.runWorker(ThreadPoolExecutor.java:1142)
	at java.util.concurrent.ThreadPoolExecutor$Worker.run(ThreadPoolExecutor.java:617)
	at org.apache.tomcat.util.threads.TaskThread$WrappingRunnable.run(TaskThread.java:61)
	at java.lang.Thread.run(Thread.java:745)

giu 06, 2015 5:48:44 PM org.apache.catalina.core.StandardWrapperValve invoke
GRAVE: Servlet.service() for servlet [Faces Servlet] in context with path [/paws-and-claws] threw exception [WebBeans context with scope type annotation @RequestScoped does not exist within current thread] with root cause
javax.enterprise.context.ContextNotActiveException: WebBeans context with scope type annotation @RequestScoped does not exist within current thread
	at org.apache.webbeans.container.BeanManagerImpl.getContext(BeanManagerImpl.java:330)
	at org.apache.webbeans.intercept.NormalScopedBeanInterceptorHandler.getContextualInstance(NormalScopedBeanInterceptorHandler.java:88)
	at org.apache.webbeans.web.intercept.RequestScopedBeanInterceptorHandler.getContextualInstance(RequestScopedBeanInterceptorHandler.java:78)
	at org.apache.webbeans.intercept.NormalScopedBeanInterceptorHandler.get(NormalScopedBeanInterceptorHandler.java:70)
	at org.apache.webbeans.conversation.ConversationImpl$$OwbNormalScopeProxy2.isTransient(org/apache/webbeans/conversation/ConversationImpl.java)
	at org.apache.webbeans.jsf.WebBeansPhaseListener.beforePhase(WebBeansPhaseListener.java:108)
	at org.apache.myfaces.lifecycle.PhaseListenerManager.informPhaseListenersBefore(PhaseListenerManager.java:77)
	at org.apache.myfaces.lifecycle.LifecycleImpl.executePhase(LifecycleImpl.java:184)
	at org.apache.myfaces.lifecycle.LifecycleImpl.execute(LifecycleImpl.java:143)
	at javax.faces.webapp.FacesServlet.service(FacesServlet.java:198)
	at org.apache.catalina.core.ApplicationFilterChain.internalDoFilter(ApplicationFilterChain.java:303)
	at org.apache.catalina.core.ApplicationFilterChain.doFilter(ApplicationFilterChain.java:208)
	at org.apache.tomcat.websocket.server.WsFilter.doFilter(WsFilter.java:52)
	at org.apache.catalina.core.ApplicationFilterChain.internalDoFilter(ApplicationFilterChain.java:241)
	at org.apache.catalina.core.ApplicationFilterChain.doFilter(ApplicationFilterChain.java:208)
	at org.apache.catalina.core.StandardWrapperValve.invoke(StandardWrapperValve.java:220)
	at org.apache.catalina.core.StandardContextValve.invoke(StandardContextValve.java:122)
	at org.apache.catalina.authenticator.AuthenticatorBase.invoke(AuthenticatorBase.java:501)
	at org.apache.catalina.core.StandardHostValve.invoke(StandardHostValve.java:171)
	at org.apache.catalina.valves.ErrorReportValve.invoke(ErrorReportValve.java:103)
	at org.apache.catalina.valves.AccessLogValve.invoke(AccessLogValve.java:950)
	at org.apache.catalina.core.StandardEngineValve.invoke(StandardEngineValve.java:116)
	at org.apache.catalina.connector.CoyoteAdapter.service(CoyoteAdapter.java:408)
	at org.apache.coyote.http11.AbstractHttp11Processor.process(AbstractHttp11Processor.java:1070)
	at org.apache.coyote.AbstractProtocol$AbstractConnectionHandler.process(AbstractProtocol.java:611)
	at org.apache.tomcat.util.net.JIoEndpoint$SocketProcessor.run(JIoEndpoint.java:314)
	at java.util.concurrent.ThreadPoolExecutor.runWorker(ThreadPoolExecutor.java:1142)
	at java.util.concurrent.ThreadPoolExecutor$Worker.run(ThreadPoolExecutor.java:617)
	at org.apache.tomcat.util.threads.TaskThread$WrappingRunnable.run(TaskThread.java:61)
	at java.lang.Thread.run(Thread.java:745)

giu 06, 2015 5:48:45 PM org.apache.catalina.core.StandardWrapperValve invoke
GRAVE: Servlet.service() for servlet [Faces Servlet] in context with path [/paws-and-claws] threw exception [WebBeans context with scope type annotation @RequestScoped does not exist within current thread] with root cause
javax.enterprise.context.ContextNotActiveException: WebBeans context with scope type annotation @RequestScoped does not exist within current thread
	at org.apache.webbeans.container.BeanManagerImpl.getContext(BeanManagerImpl.java:330)
	at org.apache.webbeans.intercept.NormalScopedBeanInterceptorHandler.getContextualInstance(NormalScopedBeanInterceptorHandler.java:88)
	at org.apache.webbeans.web.intercept.RequestScopedBeanInterceptorHandler.getContextualInstance(RequestScopedBeanInterceptorHandler.java:78)
	at org.apache.webbeans.intercept.NormalScopedBeanInterceptorHandler.get(NormalScopedBeanInterceptorHandler.java:70)
	at org.apache.webbeans.conversation.ConversationImpl$$OwbNormalScopeProxy2.isTransient(org/apache/webbeans/conversation/ConversationImpl.java)
	at org.apache.webbeans.jsf.WebBeansPhaseListener.beforePhase(WebBeansPhaseListener.java:108)
	at org.apache.myfaces.lifecycle.PhaseListenerManager.informPhaseListenersBefore(PhaseListenerManager.java:77)
	at org.apache.myfaces.lifecycle.LifecycleImpl.executePhase(LifecycleImpl.java:184)
	at org.apache.myfaces.lifecycle.LifecycleImpl.execute(LifecycleImpl.java:143)
	at javax.faces.webapp.FacesServlet.service(FacesServlet.java:198)
	at org.apache.catalina.core.ApplicationFilterChain.internalDoFilter(ApplicationFilterChain.java:303)
	at org.apache.catalina.core.ApplicationFilterChain.doFilter(ApplicationFilterChain.java:208)
	at org.apache.tomcat.websocket.server.WsFilter.doFilter(WsFilter.java:52)
	at org.apache.catalina.core.ApplicationFilterChain.internalDoFilter(ApplicationFilterChain.java:241)
	at org.apache.catalina.core.ApplicationFilterChain.doFilter(ApplicationFilterChain.java:208)
	at org.apache.catalina.core.StandardWrapperValve.invoke(StandardWrapperValve.java:220)
	at org.apache.catalina.core.StandardContextValve.invoke(StandardContextValve.java:122)
	at org.apache.catalina.authenticator.AuthenticatorBase.invoke(AuthenticatorBase.java:501)
	at org.apache.catalina.core.StandardHostValve.invoke(StandardHostValve.java:171)
	at org.apache.catalina.valves.ErrorReportValve.invoke(ErrorReportValve.java:103)
	at org.apache.catalina.valves.AccessLogValve.invoke(AccessLogValve.java:950)
	at org.apache.catalina.core.StandardEngineValve.invoke(StandardEngineValve.java:116)
	at org.apache.catalina.connector.CoyoteAdapter.service(CoyoteAdapter.java:408)
	at org.apache.coyote.http11.AbstractHttp11Processor.process(AbstractHttp11Processor.java:1070)
	at org.apache.coyote.AbstractProtocol$AbstractConnectionHandler.process(AbstractProtocol.java:611)
	at org.apache.tomcat.util.net.JIoEndpoint$SocketProcessor.run(JIoEndpoint.java:314)
	at java.util.concurrent.ThreadPoolExecutor.runWorker(ThreadPoolExecutor.java:1142)
	at java.util.concurrent.ThreadPoolExecutor$Worker.run(ThreadPoolExecutor.java:617)
	at org.apache.tomcat.util.threads.TaskThread$WrappingRunnable.run(TaskThread.java:61)
	at java.lang.Thread.run(Thread.java:745)

giu 06, 2015 6:53:22 PM org.apache.catalina.core.StandardContext listenerStart
GRAVE: Exception sending context initialized event to listener instance of class org.apache.myfaces.webapp.StartupServletContextListener
java.lang.NoClassDefFoundError: Lcontrollers/SessionBean;
	at java.lang.Class.getDeclaredFields0(Native Method)
	at java.lang.Class.privateGetDeclaredFields(Class.java:2583)
	at java.lang.Class.getDeclaredFields(Class.java:1916)
	at org.apache.myfaces.config.annotation.AnnotationConfigurator.fields(AnnotationConfigurator.java:565)
	at org.apache.myfaces.config.annotation.AnnotationConfigurator.handleManagedBean(AnnotationConfigurator.java:397)
	at org.apache.myfaces.config.annotation.AnnotationConfigurator.createFacesConfig(AnnotationConfigurator.java:267)
	at org.apache.myfaces.config.annotation.AnnotationConfigurator.createFacesConfig(AnnotationConfigurator.java:93)
	at org.apache.myfaces.config.DefaultFacesConfigurationProvider.getAnnotationsFacesConfig(DefaultFacesConfigurationProvider.java:200)
	at org.apache.myfaces.config.DefaultFacesConfigurationMerger.getFacesConfigData(DefaultFacesConfigurationMerger.java:91)
	at org.apache.myfaces.config.FacesConfigurator.configure(FacesConfigurator.java:592)
	at org.apache.myfaces.webapp.AbstractFacesInitializer.buildConfiguration(AbstractFacesInitializer.java:416)
	at org.apache.myfaces.webapp.Jsp21FacesInitializer.initContainerIntegration(Jsp21FacesInitializer.java:73)
	at org.apache.myfaces.webapp.AbstractFacesInitializer.initFaces(AbstractFacesInitializer.java:172)
	at org.apache.myfaces.webapp.StartupServletContextListener.contextInitialized(StartupServletContextListener.java:119)
	at org.apache.catalina.core.StandardContext.listenerStart(StandardContext.java:4990)
	at org.apache.catalina.core.StandardContext.startInternal(StandardContext.java:5490)
	at org.apache.catalina.util.LifecycleBase.start(LifecycleBase.java:150)
	at org.apache.catalina.core.ContainerBase.addChildInternal(ContainerBase.java:901)
	at org.apache.catalina.core.ContainerBase.addChild(ContainerBase.java:877)
	at org.apache.catalina.core.StandardHost.addChild(StandardHost.java:649)
	at org.apache.catalina.startup.HostConfig.deployWAR(HostConfig.java:1083)
	at org.apache.catalina.startup.HostConfig$DeployWar.run(HostConfig.java:1880)
	at java.util.concurrent.Executors$RunnableAdapter.call(Executors.java:511)
	at java.util.concurrent.FutureTask.run(FutureTask.java:266)
	at java.util.concurrent.ThreadPoolExecutor.runWorker(ThreadPoolExecutor.java:1142)
	at java.util.concurrent.ThreadPoolExecutor$Worker.run(ThreadPoolExecutor.java:617)
	at java.lang.Thread.run(Thread.java:745)
Caused by: java.lang.ClassNotFoundException: controllers.SessionBean
	at org.apache.catalina.loader.WebappClassLoader.loadClass(WebappClassLoader.java:1720)
	at org.apache.catalina.loader.WebappClassLoader.loadClass(WebappClassLoader.java:1571)
	at org.apache.tomee.catalina.LazyStopWebappClassLoader.loadClass(LazyStopWebappClassLoader.java:129)
	... 27 more

giu 06, 2015 6:53:22 PM org.apache.catalina.core.StandardContext listenerStop
GRAVE: Exception sending context destroyed event to listener instance of class org.apache.myfaces.webapp.StartupServletContextListener
java.lang.IllegalStateException: No Factories configured for this Application. This happens if the faces-initialization does not work at all - make sure that you properly include all configuration settings necessary for a basic faces application and that all the necessary libs are included. Also check the logging output of your web application and your container for any exceptions!
If you did that and find nothing, the mistake might be due to the fact that you use some special web-containers which do not support registering context-listeners via TLD files and a context listener is not setup in your web.xml.
A typical config looks like this;
<listener>
  <listener-class>org.apache.myfaces.webapp.StartupServletContextListener</listener-class>
</listener>

	at javax.faces.FactoryFinder._getFactory(FactoryFinder.java:305)
	at javax.faces.FactoryFinder.getFactory(FactoryFinder.java:225)
	at org.apache.myfaces.context.servlet.FacesContextImplBase.getApplication(FacesContextImplBase.java:169)
	at org.apache.myfaces.webapp.AbstractFacesInitializer._dispatchApplicationEvent(AbstractFacesInitializer.java:329)
	at org.apache.myfaces.webapp.AbstractFacesInitializer.destroyFaces(AbstractFacesInitializer.java:364)
	at org.apache.myfaces.webapp.StartupServletContextListener.contextDestroyed(StartupServletContextListener.java:161)
	at org.apache.catalina.core.StandardContext.listenerStop(StandardContext.java:5033)
	at org.apache.catalina.core.StandardContext.stopInternal(StandardContext.java:5685)
	at org.apache.catalina.util.LifecycleBase.stop(LifecycleBase.java:232)
	at org.apache.catalina.util.LifecycleBase.start(LifecycleBase.java:160)
	at org.apache.catalina.core.ContainerBase.addChildInternal(ContainerBase.java:901)
	at org.apache.catalina.core.ContainerBase.addChild(ContainerBase.java:877)
	at org.apache.catalina.core.StandardHost.addChild(StandardHost.java:649)
	at org.apache.catalina.startup.HostConfig.deployWAR(HostConfig.java:1083)
	at org.apache.catalina.startup.HostConfig$DeployWar.run(HostConfig.java:1880)
	at java.util.concurrent.Executors$RunnableAdapter.call(Executors.java:511)
	at java.util.concurrent.FutureTask.run(FutureTask.java:266)
	at java.util.concurrent.ThreadPoolExecutor.runWorker(ThreadPoolExecutor.java:1142)
	at java.util.concurrent.ThreadPoolExecutor$Worker.run(ThreadPoolExecutor.java:617)
	at java.lang.Thread.run(Thread.java:745)

