giu 14, 2015 2:38:46 AM org.apache.catalina.core.StandardWrapperValve invoke
GRAVE: Servlet.service() for servlet [Faces Servlet] in context with path [/paws-and-claws] threw exception [Error Parsing /viewMetadata/index.xhtml: Error Traced[line: 14] Il contenuto degli elementi deve essere composto da dati o markup di caratteri con formato corretto.] with root cause
javax.faces.view.facelets.FaceletException: Error Parsing /viewMetadata/index.xhtml: Error Traced[line: 14] Il contenuto degli elementi deve essere composto da dati o markup di caratteri con formato corretto.
	at org.apache.myfaces.view.facelets.compiler.SAXCompiler.doCompileViewMetadata(SAXCompiler.java:820)
	at org.apache.myfaces.view.facelets.compiler.Compiler.compileViewMetadata(Compiler.java:97)
	at org.apache.myfaces.view.facelets.impl.DefaultFaceletFactory._createViewMetadataFacelet(DefaultFaceletFactory.java:414)
	at org.apache.myfaces.view.facelets.impl.DefaultFaceletFactory.access$100(DefaultFaceletFactory.java:57)
	at org.apache.myfaces.view.facelets.impl.DefaultFaceletFactory$2.newInstance(DefaultFaceletFactory.java:131)
	at org.apache.myfaces.view.facelets.impl.DefaultFaceletFactory$2.newInstance(DefaultFaceletFactory.java:128)
	at org.apache.myfaces.view.facelets.impl.FaceletCacheImpl.getViewMetadataFacelet(FaceletCacheImpl.java:114)
	at org.apache.myfaces.view.facelets.impl.FaceletCacheImpl.getViewMetadataFacelet(FaceletCacheImpl.java:51)
	at org.apache.myfaces.view.facelets.impl.DefaultFaceletFactory.getViewMetadataFacelet(DefaultFaceletFactory.java:509)
	at org.apache.myfaces.view.facelets.impl.DefaultFaceletFactory.getViewMetadataFacelet(DefaultFaceletFactory.java:493)
	at org.apache.myfaces.view.facelets.FaceletViewDeclarationLanguage._getViewMetadataFacelet(FaceletViewDeclarationLanguage.java:2590)
	at org.apache.myfaces.view.facelets.FaceletViewDeclarationLanguage.access$000(FaceletViewDeclarationLanguage.java:147)
	at org.apache.myfaces.view.facelets.FaceletViewDeclarationLanguage$FaceletViewMetadata.createMetadataView(FaceletViewDeclarationLanguage.java:2744)
	at org.apache.myfaces.lifecycle.RestoreViewExecutor.execute(RestoreViewExecutor.java:255)
	at org.apache.myfaces.lifecycle.LifecycleImpl.executePhase(LifecycleImpl.java:196)
	at org.apache.myfaces.lifecycle.LifecycleImpl.execute(LifecycleImpl.java:143)
	at javax.faces.webapp.FacesServlet.service(FacesServlet.java:198)
	at org.apache.catalina.core.ApplicationFilterChain.internalDoFilter(ApplicationFilterChain.java:303)
	at org.apache.catalina.core.ApplicationFilterChain.doFilter(ApplicationFilterChain.java:208)
	at org.apache.tomcat.websocket.server.WsFilter.doFilter(WsFilter.java:52)
	at org.apache.catalina.core.ApplicationFilterChain.internalDoFilter(ApplicationFilterChain.java:241)
	at org.apache.catalina.core.ApplicationFilterChain.doFilter(ApplicationFilterChain.java:208)
	at org.apache.catalina.core.StandardWrapperValve.invoke(StandardWrapperValve.java:220)
	at org.apache.catalina.core.StandardContextValve.invoke(StandardContextValve.java:122)
	at org.apache.tomee.catalina.OpenEJBValve.invoke(OpenEJBValve.java:44)
	at org.apache.catalina.authenticator.AuthenticatorBase.invoke(AuthenticatorBase.java:501)
	at org.apache.catalina.core.StandardHostValve.invoke(StandardHostValve.java:171)
	at org.apache.catalina.valves.ErrorReportValve.invoke(ErrorReportValve.java:103)
	at org.apache.catalina.valves.AccessLogValve.invoke(AccessLogValve.java:950)
	at org.apache.catalina.core.StandardEngineValve.invoke(StandardEngineValve.java:116)
	at org.apache.catalina.connector.CoyoteAdapter.service(CoyoteAdapter.java:408)
	at org.apache.coyote.http11.AbstractHttp11Processor.process(AbstractHttp11Processor.java:1070)
	at org.apache.coyote.AbstractProtocol$AbstractConnectionHandler.process(AbstractProtocol.java:611)
	at org.apache.tomcat.util.net.JIoEndpoint$SocketProcessor.run(JIoEndpoint.java:314)
	at java.util.concurrent.ThreadPoolExecutor.runWorker(ThreadPoolExecutor.java:1142)
	at java.util.concurrent.ThreadPoolExecutor$Worker.run(ThreadPoolExecutor.java:617)
	at org.apache.tomcat.util.threads.TaskThread$WrappingRunnable.run(TaskThread.java:61)
	at java.lang.Thread.run(Thread.java:745)

giu 14, 2015 2:38:51 AM org.apache.catalina.core.StandardWrapperValve invoke
GRAVE: Servlet.service() for servlet [Faces Servlet] in context with path [/paws-and-claws] threw exception [Error Parsing /viewMetadata/index.xhtml: Error Traced[line: 14] Il contenuto degli elementi deve essere composto da dati o markup di caratteri con formato corretto.] with root cause
javax.faces.view.facelets.FaceletException: Error Parsing /viewMetadata/index.xhtml: Error Traced[line: 14] Il contenuto degli elementi deve essere composto da dati o markup di caratteri con formato corretto.
	at org.apache.myfaces.view.facelets.compiler.SAXCompiler.doCompileViewMetadata(SAXCompiler.java:820)
	at org.apache.myfaces.view.facelets.compiler.Compiler.compileViewMetadata(Compiler.java:97)
	at org.apache.myfaces.view.facelets.impl.DefaultFaceletFactory._createViewMetadataFacelet(DefaultFaceletFactory.java:414)
	at org.apache.myfaces.view.facelets.impl.DefaultFaceletFactory.access$100(DefaultFaceletFactory.java:57)
	at org.apache.myfaces.view.facelets.impl.DefaultFaceletFactory$2.newInstance(DefaultFaceletFactory.java:131)
	at org.apache.myfaces.view.facelets.impl.DefaultFaceletFactory$2.newInstance(DefaultFaceletFactory.java:128)
	at org.apache.myfaces.view.facelets.impl.FaceletCacheImpl.getViewMetadataFacelet(FaceletCacheImpl.java:114)
	at org.apache.myfaces.view.facelets.impl.FaceletCacheImpl.getViewMetadataFacelet(FaceletCacheImpl.java:51)
	at org.apache.myfaces.view.facelets.impl.DefaultFaceletFactory.getViewMetadataFacelet(DefaultFaceletFactory.java:509)
	at org.apache.myfaces.view.facelets.impl.DefaultFaceletFactory.getViewMetadataFacelet(DefaultFaceletFactory.java:493)
	at org.apache.myfaces.view.facelets.FaceletViewDeclarationLanguage._getViewMetadataFacelet(FaceletViewDeclarationLanguage.java:2590)
	at org.apache.myfaces.view.facelets.FaceletViewDeclarationLanguage.access$000(FaceletViewDeclarationLanguage.java:147)
	at org.apache.myfaces.view.facelets.FaceletViewDeclarationLanguage$FaceletViewMetadata.createMetadataView(FaceletViewDeclarationLanguage.java:2744)
	at org.apache.myfaces.lifecycle.RestoreViewExecutor.execute(RestoreViewExecutor.java:255)
	at org.apache.myfaces.lifecycle.LifecycleImpl.executePhase(LifecycleImpl.java:196)
	at org.apache.myfaces.lifecycle.LifecycleImpl.execute(LifecycleImpl.java:143)
	at javax.faces.webapp.FacesServlet.service(FacesServlet.java:198)
	at org.apache.catalina.core.ApplicationFilterChain.internalDoFilter(ApplicationFilterChain.java:303)
	at org.apache.catalina.core.ApplicationFilterChain.doFilter(ApplicationFilterChain.java:208)
	at org.apache.tomcat.websocket.server.WsFilter.doFilter(WsFilter.java:52)
	at org.apache.catalina.core.ApplicationFilterChain.internalDoFilter(ApplicationFilterChain.java:241)
	at org.apache.catalina.core.ApplicationFilterChain.doFilter(ApplicationFilterChain.java:208)
	at org.apache.catalina.core.StandardWrapperValve.invoke(StandardWrapperValve.java:220)
	at org.apache.catalina.core.StandardContextValve.invoke(StandardContextValve.java:122)
	at org.apache.tomee.catalina.OpenEJBValve.invoke(OpenEJBValve.java:44)
	at org.apache.catalina.authenticator.AuthenticatorBase.invoke(AuthenticatorBase.java:501)
	at org.apache.catalina.core.StandardHostValve.invoke(StandardHostValve.java:171)
	at org.apache.catalina.valves.ErrorReportValve.invoke(ErrorReportValve.java:103)
	at org.apache.catalina.valves.AccessLogValve.invoke(AccessLogValve.java:950)
	at org.apache.catalina.core.StandardEngineValve.invoke(StandardEngineValve.java:116)
	at org.apache.catalina.connector.CoyoteAdapter.service(CoyoteAdapter.java:408)
	at org.apache.coyote.http11.AbstractHttp11Processor.process(AbstractHttp11Processor.java:1070)
	at org.apache.coyote.AbstractProtocol$AbstractConnectionHandler.process(AbstractProtocol.java:611)
	at org.apache.tomcat.util.net.JIoEndpoint$SocketProcessor.run(JIoEndpoint.java:314)
	at java.util.concurrent.ThreadPoolExecutor.runWorker(ThreadPoolExecutor.java:1142)
	at java.util.concurrent.ThreadPoolExecutor$Worker.run(ThreadPoolExecutor.java:617)
	at org.apache.tomcat.util.threads.TaskThread$WrappingRunnable.run(TaskThread.java:61)
	at java.lang.Thread.run(Thread.java:745)

giu 14, 2015 2:38:52 AM org.apache.catalina.core.StandardWrapperValve invoke
GRAVE: Servlet.service() for servlet [Faces Servlet] in context with path [/paws-and-claws] threw exception [Error Parsing /viewMetadata/index.xhtml: Error Traced[line: 14] Il contenuto degli elementi deve essere composto da dati o markup di caratteri con formato corretto.] with root cause
javax.faces.view.facelets.FaceletException: Error Parsing /viewMetadata/index.xhtml: Error Traced[line: 14] Il contenuto degli elementi deve essere composto da dati o markup di caratteri con formato corretto.
	at org.apache.myfaces.view.facelets.compiler.SAXCompiler.doCompileViewMetadata(SAXCompiler.java:820)
	at org.apache.myfaces.view.facelets.compiler.Compiler.compileViewMetadata(Compiler.java:97)
	at org.apache.myfaces.view.facelets.impl.DefaultFaceletFactory._createViewMetadataFacelet(DefaultFaceletFactory.java:414)
	at org.apache.myfaces.view.facelets.impl.DefaultFaceletFactory.access$100(DefaultFaceletFactory.java:57)
	at org.apache.myfaces.view.facelets.impl.DefaultFaceletFactory$2.newInstance(DefaultFaceletFactory.java:131)
	at org.apache.myfaces.view.facelets.impl.DefaultFaceletFactory$2.newInstance(DefaultFaceletFactory.java:128)
	at org.apache.myfaces.view.facelets.impl.FaceletCacheImpl.getViewMetadataFacelet(FaceletCacheImpl.java:114)
	at org.apache.myfaces.view.facelets.impl.FaceletCacheImpl.getViewMetadataFacelet(FaceletCacheImpl.java:51)
	at org.apache.myfaces.view.facelets.impl.DefaultFaceletFactory.getViewMetadataFacelet(DefaultFaceletFactory.java:509)
	at org.apache.myfaces.view.facelets.impl.DefaultFaceletFactory.getViewMetadataFacelet(DefaultFaceletFactory.java:493)
	at org.apache.myfaces.view.facelets.FaceletViewDeclarationLanguage._getViewMetadataFacelet(FaceletViewDeclarationLanguage.java:2590)
	at org.apache.myfaces.view.facelets.FaceletViewDeclarationLanguage.access$000(FaceletViewDeclarationLanguage.java:147)
	at org.apache.myfaces.view.facelets.FaceletViewDeclarationLanguage$FaceletViewMetadata.createMetadataView(FaceletViewDeclarationLanguage.java:2744)
	at org.apache.myfaces.lifecycle.RestoreViewExecutor.execute(RestoreViewExecutor.java:255)
	at org.apache.myfaces.lifecycle.LifecycleImpl.executePhase(LifecycleImpl.java:196)
	at org.apache.myfaces.lifecycle.LifecycleImpl.execute(LifecycleImpl.java:143)
	at javax.faces.webapp.FacesServlet.service(FacesServlet.java:198)
	at org.apache.catalina.core.ApplicationFilterChain.internalDoFilter(ApplicationFilterChain.java:303)
	at org.apache.catalina.core.ApplicationFilterChain.doFilter(ApplicationFilterChain.java:208)
	at org.apache.tomcat.websocket.server.WsFilter.doFilter(WsFilter.java:52)
	at org.apache.catalina.core.ApplicationFilterChain.internalDoFilter(ApplicationFilterChain.java:241)
	at org.apache.catalina.core.ApplicationFilterChain.doFilter(ApplicationFilterChain.java:208)
	at org.apache.catalina.core.StandardWrapperValve.invoke(StandardWrapperValve.java:220)
	at org.apache.catalina.core.StandardContextValve.invoke(StandardContextValve.java:122)
	at org.apache.tomee.catalina.OpenEJBValve.invoke(OpenEJBValve.java:44)
	at org.apache.catalina.authenticator.AuthenticatorBase.invoke(AuthenticatorBase.java:501)
	at org.apache.catalina.core.StandardHostValve.invoke(StandardHostValve.java:171)
	at org.apache.catalina.valves.ErrorReportValve.invoke(ErrorReportValve.java:103)
	at org.apache.catalina.valves.AccessLogValve.invoke(AccessLogValve.java:950)
	at org.apache.catalina.core.StandardEngineValve.invoke(StandardEngineValve.java:116)
	at org.apache.catalina.connector.CoyoteAdapter.service(CoyoteAdapter.java:408)
	at org.apache.coyote.http11.AbstractHttp11Processor.process(AbstractHttp11Processor.java:1070)
	at org.apache.coyote.AbstractProtocol$AbstractConnectionHandler.process(AbstractProtocol.java:611)
	at org.apache.tomcat.util.net.JIoEndpoint$SocketProcessor.run(JIoEndpoint.java:314)
	at java.util.concurrent.ThreadPoolExecutor.runWorker(ThreadPoolExecutor.java:1142)
	at java.util.concurrent.ThreadPoolExecutor$Worker.run(ThreadPoolExecutor.java:617)
	at org.apache.tomcat.util.threads.TaskThread$WrappingRunnable.run(TaskThread.java:61)
	at java.lang.Thread.run(Thread.java:745)

giu 14, 2015 2:38:52 AM org.apache.catalina.core.StandardWrapperValve invoke
GRAVE: Servlet.service() for servlet [Faces Servlet] in context with path [/paws-and-claws] threw exception [Error Parsing /viewMetadata/index.xhtml: Error Traced[line: 14] Il contenuto degli elementi deve essere composto da dati o markup di caratteri con formato corretto.] with root cause
javax.faces.view.facelets.FaceletException: Error Parsing /viewMetadata/index.xhtml: Error Traced[line: 14] Il contenuto degli elementi deve essere composto da dati o markup di caratteri con formato corretto.
	at org.apache.myfaces.view.facelets.compiler.SAXCompiler.doCompileViewMetadata(SAXCompiler.java:820)
	at org.apache.myfaces.view.facelets.compiler.Compiler.compileViewMetadata(Compiler.java:97)
	at org.apache.myfaces.view.facelets.impl.DefaultFaceletFactory._createViewMetadataFacelet(DefaultFaceletFactory.java:414)
	at org.apache.myfaces.view.facelets.impl.DefaultFaceletFactory.access$100(DefaultFaceletFactory.java:57)
	at org.apache.myfaces.view.facelets.impl.DefaultFaceletFactory$2.newInstance(DefaultFaceletFactory.java:131)
	at org.apache.myfaces.view.facelets.impl.DefaultFaceletFactory$2.newInstance(DefaultFaceletFactory.java:128)
	at org.apache.myfaces.view.facelets.impl.FaceletCacheImpl.getViewMetadataFacelet(FaceletCacheImpl.java:114)
	at org.apache.myfaces.view.facelets.impl.FaceletCacheImpl.getViewMetadataFacelet(FaceletCacheImpl.java:51)
	at org.apache.myfaces.view.facelets.impl.DefaultFaceletFactory.getViewMetadataFacelet(DefaultFaceletFactory.java:509)
	at org.apache.myfaces.view.facelets.impl.DefaultFaceletFactory.getViewMetadataFacelet(DefaultFaceletFactory.java:493)
	at org.apache.myfaces.view.facelets.FaceletViewDeclarationLanguage._getViewMetadataFacelet(FaceletViewDeclarationLanguage.java:2590)
	at org.apache.myfaces.view.facelets.FaceletViewDeclarationLanguage.access$000(FaceletViewDeclarationLanguage.java:147)
	at org.apache.myfaces.view.facelets.FaceletViewDeclarationLanguage$FaceletViewMetadata.createMetadataView(FaceletViewDeclarationLanguage.java:2744)
	at org.apache.myfaces.lifecycle.RestoreViewExecutor.execute(RestoreViewExecutor.java:255)
	at org.apache.myfaces.lifecycle.LifecycleImpl.executePhase(LifecycleImpl.java:196)
	at org.apache.myfaces.lifecycle.LifecycleImpl.execute(LifecycleImpl.java:143)
	at javax.faces.webapp.FacesServlet.service(FacesServlet.java:198)
	at org.apache.catalina.core.ApplicationFilterChain.internalDoFilter(ApplicationFilterChain.java:303)
	at org.apache.catalina.core.ApplicationFilterChain.doFilter(ApplicationFilterChain.java:208)
	at org.apache.tomcat.websocket.server.WsFilter.doFilter(WsFilter.java:52)
	at org.apache.catalina.core.ApplicationFilterChain.internalDoFilter(ApplicationFilterChain.java:241)
	at org.apache.catalina.core.ApplicationFilterChain.doFilter(ApplicationFilterChain.java:208)
	at org.apache.catalina.core.StandardWrapperValve.invoke(StandardWrapperValve.java:220)
	at org.apache.catalina.core.StandardContextValve.invoke(StandardContextValve.java:122)
	at org.apache.tomee.catalina.OpenEJBValve.invoke(OpenEJBValve.java:44)
	at org.apache.catalina.authenticator.AuthenticatorBase.invoke(AuthenticatorBase.java:501)
	at org.apache.catalina.core.StandardHostValve.invoke(StandardHostValve.java:171)
	at org.apache.catalina.valves.ErrorReportValve.invoke(ErrorReportValve.java:103)
	at org.apache.catalina.valves.AccessLogValve.invoke(AccessLogValve.java:950)
	at org.apache.catalina.core.StandardEngineValve.invoke(StandardEngineValve.java:116)
	at org.apache.catalina.connector.CoyoteAdapter.service(CoyoteAdapter.java:408)
	at org.apache.coyote.http11.AbstractHttp11Processor.process(AbstractHttp11Processor.java:1070)
	at org.apache.coyote.AbstractProtocol$AbstractConnectionHandler.process(AbstractProtocol.java:611)
	at org.apache.tomcat.util.net.JIoEndpoint$SocketProcessor.run(JIoEndpoint.java:314)
	at java.util.concurrent.ThreadPoolExecutor.runWorker(ThreadPoolExecutor.java:1142)
	at java.util.concurrent.ThreadPoolExecutor$Worker.run(ThreadPoolExecutor.java:617)
	at org.apache.tomcat.util.threads.TaskThread$WrappingRunnable.run(TaskThread.java:61)
	at java.lang.Thread.run(Thread.java:745)

giu 14, 2015 2:38:52 AM org.apache.catalina.core.StandardWrapperValve invoke
GRAVE: Servlet.service() for servlet [Faces Servlet] in context with path [/paws-and-claws] threw exception [Error Parsing /viewMetadata/index.xhtml: Error Traced[line: 14] Il contenuto degli elementi deve essere composto da dati o markup di caratteri con formato corretto.] with root cause
javax.faces.view.facelets.FaceletException: Error Parsing /viewMetadata/index.xhtml: Error Traced[line: 14] Il contenuto degli elementi deve essere composto da dati o markup di caratteri con formato corretto.
	at org.apache.myfaces.view.facelets.compiler.SAXCompiler.doCompileViewMetadata(SAXCompiler.java:820)
	at org.apache.myfaces.view.facelets.compiler.Compiler.compileViewMetadata(Compiler.java:97)
	at org.apache.myfaces.view.facelets.impl.DefaultFaceletFactory._createViewMetadataFacelet(DefaultFaceletFactory.java:414)
	at org.apache.myfaces.view.facelets.impl.DefaultFaceletFactory.access$100(DefaultFaceletFactory.java:57)
	at org.apache.myfaces.view.facelets.impl.DefaultFaceletFactory$2.newInstance(DefaultFaceletFactory.java:131)
	at org.apache.myfaces.view.facelets.impl.DefaultFaceletFactory$2.newInstance(DefaultFaceletFactory.java:128)
	at org.apache.myfaces.view.facelets.impl.FaceletCacheImpl.getViewMetadataFacelet(FaceletCacheImpl.java:114)
	at org.apache.myfaces.view.facelets.impl.FaceletCacheImpl.getViewMetadataFacelet(FaceletCacheImpl.java:51)
	at org.apache.myfaces.view.facelets.impl.DefaultFaceletFactory.getViewMetadataFacelet(DefaultFaceletFactory.java:509)
	at org.apache.myfaces.view.facelets.impl.DefaultFaceletFactory.getViewMetadataFacelet(DefaultFaceletFactory.java:493)
	at org.apache.myfaces.view.facelets.FaceletViewDeclarationLanguage._getViewMetadataFacelet(FaceletViewDeclarationLanguage.java:2590)
	at org.apache.myfaces.view.facelets.FaceletViewDeclarationLanguage.access$000(FaceletViewDeclarationLanguage.java:147)
	at org.apache.myfaces.view.facelets.FaceletViewDeclarationLanguage$FaceletViewMetadata.createMetadataView(FaceletViewDeclarationLanguage.java:2744)
	at org.apache.myfaces.lifecycle.RestoreViewExecutor.execute(RestoreViewExecutor.java:255)
	at org.apache.myfaces.lifecycle.LifecycleImpl.executePhase(LifecycleImpl.java:196)
	at org.apache.myfaces.lifecycle.LifecycleImpl.execute(LifecycleImpl.java:143)
	at javax.faces.webapp.FacesServlet.service(FacesServlet.java:198)
	at org.apache.catalina.core.ApplicationFilterChain.internalDoFilter(ApplicationFilterChain.java:303)
	at org.apache.catalina.core.ApplicationFilterChain.doFilter(ApplicationFilterChain.java:208)
	at org.apache.tomcat.websocket.server.WsFilter.doFilter(WsFilter.java:52)
	at org.apache.catalina.core.ApplicationFilterChain.internalDoFilter(ApplicationFilterChain.java:241)
	at org.apache.catalina.core.ApplicationFilterChain.doFilter(ApplicationFilterChain.java:208)
	at org.apache.catalina.core.StandardWrapperValve.invoke(StandardWrapperValve.java:220)
	at org.apache.catalina.core.StandardContextValve.invoke(StandardContextValve.java:122)
	at org.apache.tomee.catalina.OpenEJBValve.invoke(OpenEJBValve.java:44)
	at org.apache.catalina.authenticator.AuthenticatorBase.invoke(AuthenticatorBase.java:501)
	at org.apache.catalina.core.StandardHostValve.invoke(StandardHostValve.java:171)
	at org.apache.catalina.valves.ErrorReportValve.invoke(ErrorReportValve.java:103)
	at org.apache.catalina.valves.AccessLogValve.invoke(AccessLogValve.java:950)
	at org.apache.catalina.core.StandardEngineValve.invoke(StandardEngineValve.java:116)
	at org.apache.catalina.connector.CoyoteAdapter.service(CoyoteAdapter.java:408)
	at org.apache.coyote.http11.AbstractHttp11Processor.process(AbstractHttp11Processor.java:1070)
	at org.apache.coyote.AbstractProtocol$AbstractConnectionHandler.process(AbstractProtocol.java:611)
	at org.apache.tomcat.util.net.JIoEndpoint$SocketProcessor.run(JIoEndpoint.java:314)
	at java.util.concurrent.ThreadPoolExecutor.runWorker(ThreadPoolExecutor.java:1142)
	at java.util.concurrent.ThreadPoolExecutor$Worker.run(ThreadPoolExecutor.java:617)
	at org.apache.tomcat.util.threads.TaskThread$WrappingRunnable.run(TaskThread.java:61)
	at java.lang.Thread.run(Thread.java:745)

giu 14, 2015 2:38:53 AM org.apache.catalina.core.StandardWrapperValve invoke
GRAVE: Servlet.service() for servlet [Faces Servlet] in context with path [/paws-and-claws] threw exception [Error Parsing /viewMetadata/index.xhtml: Error Traced[line: 14] Il contenuto degli elementi deve essere composto da dati o markup di caratteri con formato corretto.] with root cause
javax.faces.view.facelets.FaceletException: Error Parsing /viewMetadata/index.xhtml: Error Traced[line: 14] Il contenuto degli elementi deve essere composto da dati o markup di caratteri con formato corretto.
	at org.apache.myfaces.view.facelets.compiler.SAXCompiler.doCompileViewMetadata(SAXCompiler.java:820)
	at org.apache.myfaces.view.facelets.compiler.Compiler.compileViewMetadata(Compiler.java:97)
	at org.apache.myfaces.view.facelets.impl.DefaultFaceletFactory._createViewMetadataFacelet(DefaultFaceletFactory.java:414)
	at org.apache.myfaces.view.facelets.impl.DefaultFaceletFactory.access$100(DefaultFaceletFactory.java:57)
	at org.apache.myfaces.view.facelets.impl.DefaultFaceletFactory$2.newInstance(DefaultFaceletFactory.java:131)
	at org.apache.myfaces.view.facelets.impl.DefaultFaceletFactory$2.newInstance(DefaultFaceletFactory.java:128)
	at org.apache.myfaces.view.facelets.impl.FaceletCacheImpl.getViewMetadataFacelet(FaceletCacheImpl.java:114)
	at org.apache.myfaces.view.facelets.impl.FaceletCacheImpl.getViewMetadataFacelet(FaceletCacheImpl.java:51)
	at org.apache.myfaces.view.facelets.impl.DefaultFaceletFactory.getViewMetadataFacelet(DefaultFaceletFactory.java:509)
	at org.apache.myfaces.view.facelets.impl.DefaultFaceletFactory.getViewMetadataFacelet(DefaultFaceletFactory.java:493)
	at org.apache.myfaces.view.facelets.FaceletViewDeclarationLanguage._getViewMetadataFacelet(FaceletViewDeclarationLanguage.java:2590)
	at org.apache.myfaces.view.facelets.FaceletViewDeclarationLanguage.access$000(FaceletViewDeclarationLanguage.java:147)
	at org.apache.myfaces.view.facelets.FaceletViewDeclarationLanguage$FaceletViewMetadata.createMetadataView(FaceletViewDeclarationLanguage.java:2744)
	at org.apache.myfaces.lifecycle.RestoreViewExecutor.execute(RestoreViewExecutor.java:255)
	at org.apache.myfaces.lifecycle.LifecycleImpl.executePhase(LifecycleImpl.java:196)
	at org.apache.myfaces.lifecycle.LifecycleImpl.execute(LifecycleImpl.java:143)
	at javax.faces.webapp.FacesServlet.service(FacesServlet.java:198)
	at org.apache.catalina.core.ApplicationFilterChain.internalDoFilter(ApplicationFilterChain.java:303)
	at org.apache.catalina.core.ApplicationFilterChain.doFilter(ApplicationFilterChain.java:208)
	at org.apache.tomcat.websocket.server.WsFilter.doFilter(WsFilter.java:52)
	at org.apache.catalina.core.ApplicationFilterChain.internalDoFilter(ApplicationFilterChain.java:241)
	at org.apache.catalina.core.ApplicationFilterChain.doFilter(ApplicationFilterChain.java:208)
	at org.apache.catalina.core.StandardWrapperValve.invoke(StandardWrapperValve.java:220)
	at org.apache.catalina.core.StandardContextValve.invoke(StandardContextValve.java:122)
	at org.apache.tomee.catalina.OpenEJBValve.invoke(OpenEJBValve.java:44)
	at org.apache.catalina.authenticator.AuthenticatorBase.invoke(AuthenticatorBase.java:501)
	at org.apache.catalina.core.StandardHostValve.invoke(StandardHostValve.java:171)
	at org.apache.catalina.valves.ErrorReportValve.invoke(ErrorReportValve.java:103)
	at org.apache.catalina.valves.AccessLogValve.invoke(AccessLogValve.java:950)
	at org.apache.catalina.core.StandardEngineValve.invoke(StandardEngineValve.java:116)
	at org.apache.catalina.connector.CoyoteAdapter.service(CoyoteAdapter.java:408)
	at org.apache.coyote.http11.AbstractHttp11Processor.process(AbstractHttp11Processor.java:1070)
	at org.apache.coyote.AbstractProtocol$AbstractConnectionHandler.process(AbstractProtocol.java:611)
	at org.apache.tomcat.util.net.JIoEndpoint$SocketProcessor.run(JIoEndpoint.java:314)
	at java.util.concurrent.ThreadPoolExecutor.runWorker(ThreadPoolExecutor.java:1142)
	at java.util.concurrent.ThreadPoolExecutor$Worker.run(ThreadPoolExecutor.java:617)
	at org.apache.tomcat.util.threads.TaskThread$WrappingRunnable.run(TaskThread.java:61)
	at java.lang.Thread.run(Thread.java:745)

giu 14, 2015 2:39:39 AM org.apache.catalina.core.StandardWrapperValve invoke
GRAVE: Servlet.service() for servlet [Faces Servlet] in context with path [/paws-and-claws] threw exception [javax.el.ELException: javax.ejb.EJBException: The bean encountered a non-application exception; nested exception is: 
	<openjpa-2.4.0-nonfinal-1598334-r422266:1599166 nonfatal general error> org.apache.openjpa.persistence.PersistenceException: ERRORE: la relazione "i_frntdtt_fornitore_id" esiste già {stmnt 948963467 CREATE INDEX I_FRNTDTT_FORNITORE_ID ON Fornitore_Prodotto (FORNITORE_ID)} [code=0, state=42P07]] with root cause
org.apache.openjpa.lib.jdbc.ReportingSQLException: ERRORE: la relazione "i_frntdtt_fornitore_id" esiste già {stmnt 948963467 CREATE INDEX I_FRNTDTT_FORNITORE_ID ON Fornitore_Prodotto (FORNITORE_ID)} [code=0, state=42P07]
	at org.apache.openjpa.lib.jdbc.LoggingConnectionDecorator.wrap(LoggingConnectionDecorator.java:219)
	at org.apache.openjpa.lib.jdbc.LoggingConnectionDecorator.wrap(LoggingConnectionDecorator.java:203)
	at org.apache.openjpa.lib.jdbc.LoggingConnectionDecorator.access$700(LoggingConnectionDecorator.java:59)
	at org.apache.openjpa.lib.jdbc.LoggingConnectionDecorator$LoggingConnection$LoggingStatement.executeUpdate(LoggingConnectionDecorator.java:914)
	at org.apache.openjpa.lib.jdbc.DelegatingStatement.executeUpdate(DelegatingStatement.java:118)
	at org.apache.openjpa.jdbc.schema.SchemaTool.executeSQL(SchemaTool.java:1231)
	at org.apache.openjpa.jdbc.schema.SchemaTool.createIndex(SchemaTool.java:1038)
	at org.apache.openjpa.jdbc.schema.SchemaTool.add(SchemaTool.java:580)
	at org.apache.openjpa.jdbc.schema.SchemaTool.add(SchemaTool.java:364)
	at org.apache.openjpa.jdbc.schema.SchemaTool.run(SchemaTool.java:341)
	at org.apache.openjpa.jdbc.meta.MappingTool.record(MappingTool.java:505)
	at org.apache.openjpa.jdbc.meta.MappingTool.record(MappingTool.java:455)
	at org.apache.openjpa.jdbc.kernel.JDBCBrokerFactory.synchronizeMappings(JDBCBrokerFactory.java:160)
	at org.apache.openjpa.jdbc.kernel.JDBCBrokerFactory.synchronizeMappings(JDBCBrokerFactory.java:164)
	at org.apache.openjpa.jdbc.kernel.JDBCBrokerFactory.newBrokerImpl(JDBCBrokerFactory.java:122)
	at org.apache.openjpa.kernel.AbstractBrokerFactory.newBroker(AbstractBrokerFactory.java:208)
	at org.apache.openjpa.kernel.DelegatingBrokerFactory.newBroker(DelegatingBrokerFactory.java:155)
	at org.apache.openjpa.persistence.EntityManagerFactoryImpl.createEntityManager(EntityManagerFactoryImpl.java:226)
	at org.apache.openjpa.persistence.EntityManagerFactoryImpl.createEntityManager(EntityManagerFactoryImpl.java:59)
	at org.apache.openejb.assembler.classic.ReloadableEntityManagerFactory.createEntityManager(ReloadableEntityManagerFactory.java:160)
	at org.apache.openejb.persistence.JtaEntityManagerRegistry.getEntityManager(JtaEntityManagerRegistry.java:119)
	at org.apache.openejb.persistence.JtaEntityManager.getEntityManager(JtaEntityManager.java:96)
	at org.apache.openejb.persistence.JtaEntityManager.typedProxyIfNoTx(JtaEntityManager.java:333)
	at org.apache.openejb.persistence.JtaEntityManager.createQuery(JtaEntityManager.java:405)
	at facades.ProdottoFacade.getProdotti(ProdottoFacade.java:45)
	at sun.reflect.NativeMethodAccessorImpl.invoke0(Native Method)
	at sun.reflect.NativeMethodAccessorImpl.invoke(NativeMethodAccessorImpl.java:62)
	at sun.reflect.DelegatingMethodAccessorImpl.invoke(DelegatingMethodAccessorImpl.java:43)
	at java.lang.reflect.Method.invoke(Method.java:497)
	at org.apache.openejb.core.interceptor.ReflectionInvocationContext$Invocation.invoke(ReflectionInvocationContext.java:192)
	at org.apache.openejb.core.interceptor.ReflectionInvocationContext.proceed(ReflectionInvocationContext.java:173)
	at org.apache.openejb.monitoring.StatsInterceptor.record(StatsInterceptor.java:181)
	at org.apache.openejb.monitoring.StatsInterceptor.invoke(StatsInterceptor.java:100)
	at sun.reflect.NativeMethodAccessorImpl.invoke0(Native Method)
	at sun.reflect.NativeMethodAccessorImpl.invoke(NativeMethodAccessorImpl.java:62)
	at sun.reflect.DelegatingMethodAccessorImpl.invoke(DelegatingMethodAccessorImpl.java:43)
	at java.lang.reflect.Method.invoke(Method.java:497)
	at org.apache.openejb.core.interceptor.ReflectionInvocationContext$Invocation.invoke(ReflectionInvocationContext.java:192)
	at org.apache.openejb.core.interceptor.ReflectionInvocationContext.proceed(ReflectionInvocationContext.java:173)
	at org.apache.openejb.core.interceptor.InterceptorStack.invoke(InterceptorStack.java:85)
	at org.apache.openejb.core.stateless.StatelessContainer._invoke(StatelessContainer.java:227)
	at org.apache.openejb.core.stateless.StatelessContainer.invoke(StatelessContainer.java:194)
	at org.apache.openejb.core.ivm.EjbObjectProxyHandler.synchronizedBusinessMethod(EjbObjectProxyHandler.java:308)
	at org.apache.openejb.core.ivm.EjbObjectProxyHandler.businessMethod(EjbObjectProxyHandler.java:303)
	at org.apache.openejb.core.ivm.EjbObjectProxyHandler._invoke(EjbObjectProxyHandler.java:92)
	at org.apache.openejb.core.ivm.BaseEjbProxyHandler.invoke(BaseEjbProxyHandler.java:308)
	at facades.ProdottoFacade$$LocalBeanProxy.getProdotti(facades/ProdottoFacade.java)
	at controllers.CatalogoController.inizializza(CatalogoController.java:35)
	at sun.reflect.NativeMethodAccessorImpl.invoke0(Native Method)
	at sun.reflect.NativeMethodAccessorImpl.invoke(NativeMethodAccessorImpl.java:62)
	at sun.reflect.DelegatingMethodAccessorImpl.invoke(DelegatingMethodAccessorImpl.java:43)
	at java.lang.reflect.Method.invoke(Method.java:497)
	at org.apache.el.parser.AstValue.invoke(AstValue.java:278)
	at org.apache.el.MethodExpressionImpl.invoke(MethodExpressionImpl.java:273)
	at org.apache.myfaces.view.facelets.el.ContextAwareTagMethodExpression.invoke(ContextAwareTagMethodExpression.java:96)
	at org.apache.myfaces.application.ActionListenerImpl.processAction(ActionListenerImpl.java:74)
	at javax.faces.component.UICommand.broadcast(UICommand.java:120)
	at javax.faces.component.UIViewRoot._broadcastAll(UIViewRoot.java:1172)
	at javax.faces.component.UIViewRoot.broadcastEvents(UIViewRoot.java:365)
	at javax.faces.component.UIViewRoot._process(UIViewRoot.java:1658)
	at javax.faces.component.UIViewRoot.processApplication(UIViewRoot.java:862)
	at org.apache.myfaces.lifecycle.InvokeApplicationExecutor.execute(InvokeApplicationExecutor.java:42)
	at org.apache.myfaces.lifecycle.LifecycleImpl.executePhase(LifecycleImpl.java:196)
	at org.apache.myfaces.lifecycle.LifecycleImpl.execute(LifecycleImpl.java:143)
	at javax.faces.webapp.FacesServlet.service(FacesServlet.java:198)
	at org.apache.catalina.core.ApplicationFilterChain.internalDoFilter(ApplicationFilterChain.java:303)
	at org.apache.catalina.core.ApplicationFilterChain.doFilter(ApplicationFilterChain.java:208)
	at org.apache.tomcat.websocket.server.WsFilter.doFilter(WsFilter.java:52)
	at org.apache.catalina.core.ApplicationFilterChain.internalDoFilter(ApplicationFilterChain.java:241)
	at org.apache.catalina.core.ApplicationFilterChain.doFilter(ApplicationFilterChain.java:208)
	at org.apache.catalina.core.StandardWrapperValve.invoke(StandardWrapperValve.java:220)
	at org.apache.catalina.core.StandardContextValve.invoke(StandardContextValve.java:122)
	at org.apache.tomee.catalina.OpenEJBValve.invoke(OpenEJBValve.java:44)
	at org.apache.catalina.authenticator.AuthenticatorBase.invoke(AuthenticatorBase.java:501)
	at org.apache.catalina.core.StandardHostValve.invoke(StandardHostValve.java:171)
	at org.apache.catalina.valves.ErrorReportValve.invoke(ErrorReportValve.java:103)
	at org.apache.catalina.valves.AccessLogValve.invoke(AccessLogValve.java:950)
	at org.apache.catalina.core.StandardEngineValve.invoke(StandardEngineValve.java:116)
	at org.apache.catalina.connector.CoyoteAdapter.service(CoyoteAdapter.java:408)
	at org.apache.coyote.http11.AbstractHttp11Processor.process(AbstractHttp11Processor.java:1070)
	at org.apache.coyote.AbstractProtocol$AbstractConnectionHandler.process(AbstractProtocol.java:611)
	at org.apache.tomcat.util.net.JIoEndpoint$SocketProcessor.run(JIoEndpoint.java:316)
	at java.util.concurrent.ThreadPoolExecutor.runWorker(ThreadPoolExecutor.java:1142)
	at java.util.concurrent.ThreadPoolExecutor$Worker.run(ThreadPoolExecutor.java:617)
	at org.apache.tomcat.util.threads.TaskThread$WrappingRunnable.run(TaskThread.java:61)
	at java.lang.Thread.run(Thread.java:745)

giu 14, 2015 5:22:58 PM org.apache.catalina.core.StandardWrapperValve invoke
GRAVE: Servlet.service() for servlet [Faces Servlet] in context with path [/paws-and-claws] threw exception [null] with root cause
java.lang.NullPointerException
	at controllers.ProdottoController.getFornitoriDB(ProdottoController.java:101)
	at controllers.ProdottoController.<init>(ProdottoController.java:53)
	at sun.reflect.NativeConstructorAccessorImpl.newInstance0(Native Method)
	at sun.reflect.NativeConstructorAccessorImpl.newInstance(NativeConstructorAccessorImpl.java:62)
	at sun.reflect.DelegatingConstructorAccessorImpl.newInstance(DelegatingConstructorAccessorImpl.java:45)
	at java.lang.reflect.Constructor.newInstance(Constructor.java:422)
	at java.lang.Class.newInstance(Class.java:442)
	at org.apache.myfaces.config.annotation.Tomcat7AnnotationLifecycleProvider.newInstance(Tomcat7AnnotationLifecycleProvider.java:60)
	at org.apache.myfaces.config.ManagedBeanBuilder.buildManagedBean(ManagedBeanBuilder.java:156)
	at org.apache.myfaces.el.unified.resolver.ManagedBeanResolver.createManagedBean(ManagedBeanResolver.java:333)
	at org.apache.myfaces.el.unified.resolver.ManagedBeanResolver.getValue(ManagedBeanResolver.java:296)
	at javax.el.CompositeELResolver.getValue(CompositeELResolver.java:67)
	at org.apache.myfaces.el.unified.resolver.FacesCompositeELResolver.getValue(FacesCompositeELResolver.java:179)
	at org.apache.el.parser.AstIdentifier.getValue(AstIdentifier.java:71)
	at org.apache.el.parser.AstValue.getTarget(AstValue.java:93)
	at org.apache.el.parser.AstValue.invoke(AstValue.java:259)
	at org.apache.el.MethodExpressionImpl.invoke(MethodExpressionImpl.java:273)
	at org.apache.myfaces.view.facelets.el.ContextAwareTagMethodExpression.invoke(ContextAwareTagMethodExpression.java:96)
	at org.apache.myfaces.application.ActionListenerImpl.processAction(ActionListenerImpl.java:74)
	at javax.faces.component.UICommand.broadcast(UICommand.java:120)
	at javax.faces.component.UIViewRoot._broadcastAll(UIViewRoot.java:1172)
	at javax.faces.component.UIViewRoot.broadcastEvents(UIViewRoot.java:365)
	at javax.faces.component.UIViewRoot._process(UIViewRoot.java:1658)
	at javax.faces.component.UIViewRoot.processApplication(UIViewRoot.java:862)
	at org.apache.myfaces.lifecycle.InvokeApplicationExecutor.execute(InvokeApplicationExecutor.java:42)
	at org.apache.myfaces.lifecycle.LifecycleImpl.executePhase(LifecycleImpl.java:196)
	at org.apache.myfaces.lifecycle.LifecycleImpl.execute(LifecycleImpl.java:143)
	at javax.faces.webapp.FacesServlet.service(FacesServlet.java:198)
	at org.apache.catalina.core.ApplicationFilterChain.internalDoFilter(ApplicationFilterChain.java:303)
	at org.apache.catalina.core.ApplicationFilterChain.doFilter(ApplicationFilterChain.java:208)
	at org.apache.tomcat.websocket.server.WsFilter.doFilter(WsFilter.java:52)
	at org.apache.catalina.core.ApplicationFilterChain.internalDoFilter(ApplicationFilterChain.java:241)
	at org.apache.catalina.core.ApplicationFilterChain.doFilter(ApplicationFilterChain.java:208)
	at org.apache.catalina.core.StandardWrapperValve.invoke(StandardWrapperValve.java:220)
	at org.apache.catalina.core.StandardContextValve.invoke(StandardContextValve.java:122)
	at org.apache.tomee.catalina.OpenEJBValve.invoke(OpenEJBValve.java:44)
	at org.apache.catalina.authenticator.AuthenticatorBase.invoke(AuthenticatorBase.java:501)
	at org.apache.catalina.core.StandardHostValve.invoke(StandardHostValve.java:171)
	at org.apache.catalina.valves.ErrorReportValve.invoke(ErrorReportValve.java:103)
	at org.apache.catalina.valves.AccessLogValve.invoke(AccessLogValve.java:950)
	at org.apache.catalina.core.StandardEngineValve.invoke(StandardEngineValve.java:116)
	at org.apache.catalina.connector.CoyoteAdapter.service(CoyoteAdapter.java:408)
	at org.apache.coyote.http11.AbstractHttp11Processor.process(AbstractHttp11Processor.java:1070)
	at org.apache.coyote.AbstractProtocol$AbstractConnectionHandler.process(AbstractProtocol.java:611)
	at org.apache.tomcat.util.net.JIoEndpoint$SocketProcessor.run(JIoEndpoint.java:316)
	at java.util.concurrent.ThreadPoolExecutor.runWorker(ThreadPoolExecutor.java:1142)
	at java.util.concurrent.ThreadPoolExecutor$Worker.run(ThreadPoolExecutor.java:617)
	at org.apache.tomcat.util.threads.TaskThread$WrappingRunnable.run(TaskThread.java:61)
	at java.lang.Thread.run(Thread.java:745)

giu 14, 2015 5:23:01 PM org.apache.catalina.core.StandardWrapperValve invoke
GRAVE: Servlet.service() for servlet [Faces Servlet] in context with path [/paws-and-claws] threw exception [null] with root cause
java.lang.NullPointerException
	at controllers.ProdottoController.getFornitoriDB(ProdottoController.java:101)
	at controllers.ProdottoController.<init>(ProdottoController.java:53)
	at sun.reflect.NativeConstructorAccessorImpl.newInstance0(Native Method)
	at sun.reflect.NativeConstructorAccessorImpl.newInstance(NativeConstructorAccessorImpl.java:62)
	at sun.reflect.DelegatingConstructorAccessorImpl.newInstance(DelegatingConstructorAccessorImpl.java:45)
	at java.lang.reflect.Constructor.newInstance(Constructor.java:422)
	at java.lang.Class.newInstance(Class.java:442)
	at org.apache.myfaces.config.annotation.Tomcat7AnnotationLifecycleProvider.newInstance(Tomcat7AnnotationLifecycleProvider.java:60)
	at org.apache.myfaces.config.ManagedBeanBuilder.buildManagedBean(ManagedBeanBuilder.java:156)
	at org.apache.myfaces.el.unified.resolver.ManagedBeanResolver.createManagedBean(ManagedBeanResolver.java:333)
	at org.apache.myfaces.el.unified.resolver.ManagedBeanResolver.getValue(ManagedBeanResolver.java:296)
	at javax.el.CompositeELResolver.getValue(CompositeELResolver.java:67)
	at org.apache.myfaces.el.unified.resolver.FacesCompositeELResolver.getValue(FacesCompositeELResolver.java:179)
	at org.apache.el.parser.AstIdentifier.getValue(AstIdentifier.java:71)
	at org.apache.el.parser.AstValue.getTarget(AstValue.java:93)
	at org.apache.el.parser.AstValue.invoke(AstValue.java:259)
	at org.apache.el.MethodExpressionImpl.invoke(MethodExpressionImpl.java:273)
	at org.apache.myfaces.view.facelets.el.ContextAwareTagMethodExpression.invoke(ContextAwareTagMethodExpression.java:96)
	at org.apache.myfaces.application.ActionListenerImpl.processAction(ActionListenerImpl.java:74)
	at javax.faces.component.UICommand.broadcast(UICommand.java:120)
	at javax.faces.component.UIViewRoot._broadcastAll(UIViewRoot.java:1172)
	at javax.faces.component.UIViewRoot.broadcastEvents(UIViewRoot.java:365)
	at javax.faces.component.UIViewRoot._process(UIViewRoot.java:1658)
	at javax.faces.component.UIViewRoot.processApplication(UIViewRoot.java:862)
	at org.apache.myfaces.lifecycle.InvokeApplicationExecutor.execute(InvokeApplicationExecutor.java:42)
	at org.apache.myfaces.lifecycle.LifecycleImpl.executePhase(LifecycleImpl.java:196)
	at org.apache.myfaces.lifecycle.LifecycleImpl.execute(LifecycleImpl.java:143)
	at javax.faces.webapp.FacesServlet.service(FacesServlet.java:198)
	at org.apache.catalina.core.ApplicationFilterChain.internalDoFilter(ApplicationFilterChain.java:303)
	at org.apache.catalina.core.ApplicationFilterChain.doFilter(ApplicationFilterChain.java:208)
	at org.apache.tomcat.websocket.server.WsFilter.doFilter(WsFilter.java:52)
	at org.apache.catalina.core.ApplicationFilterChain.internalDoFilter(ApplicationFilterChain.java:241)
	at org.apache.catalina.core.ApplicationFilterChain.doFilter(ApplicationFilterChain.java:208)
	at org.apache.catalina.core.StandardWrapperValve.invoke(StandardWrapperValve.java:220)
	at org.apache.catalina.core.StandardContextValve.invoke(StandardContextValve.java:122)
	at org.apache.tomee.catalina.OpenEJBValve.invoke(OpenEJBValve.java:44)
	at org.apache.catalina.authenticator.AuthenticatorBase.invoke(AuthenticatorBase.java:501)
	at org.apache.catalina.core.StandardHostValve.invoke(StandardHostValve.java:171)
	at org.apache.catalina.valves.ErrorReportValve.invoke(ErrorReportValve.java:103)
	at org.apache.catalina.valves.AccessLogValve.invoke(AccessLogValve.java:950)
	at org.apache.catalina.core.StandardEngineValve.invoke(StandardEngineValve.java:116)
	at org.apache.catalina.connector.CoyoteAdapter.service(CoyoteAdapter.java:408)
	at org.apache.coyote.http11.AbstractHttp11Processor.process(AbstractHttp11Processor.java:1070)
	at org.apache.coyote.AbstractProtocol$AbstractConnectionHandler.process(AbstractProtocol.java:611)
	at org.apache.tomcat.util.net.JIoEndpoint$SocketProcessor.run(JIoEndpoint.java:316)
	at java.util.concurrent.ThreadPoolExecutor.runWorker(ThreadPoolExecutor.java:1142)
	at java.util.concurrent.ThreadPoolExecutor$Worker.run(ThreadPoolExecutor.java:617)
	at org.apache.tomcat.util.threads.TaskThread$WrappingRunnable.run(TaskThread.java:61)
	at java.lang.Thread.run(Thread.java:745)

giu 14, 2015 5:26:39 PM org.apache.catalina.core.StandardWrapperValve invoke
GRAVE: Servlet.service() for servlet [Faces Servlet] in context with path [/paws-and-claws] threw exception [javax.el.ELException: javax.ejb.EJBException: The bean encountered a non-application exception; nested exception is: 
	<openjpa-2.4.0-nonfinal-1598334-r422266:1599166 nonfatal user error> org.apache.openjpa.persistence.ArgumentException: An error occurred while parsing the query filter "SELECT f FROM Fornitore f WHERE f.codice = :codice". Error message: No field named "codice" in "Fornitore". Did you mean "nome"? Expected one of the available field names in "models.Fornitore": "[email, id, indirizzo, iva, nome, prodotti, telefono]".] with root cause
<openjpa-2.4.0-nonfinal-1598334-r422266:1599166 nonfatal user error> org.apache.openjpa.persistence.ArgumentException: An error occurred while parsing the query filter "SELECT f FROM Fornitore f WHERE f.codice = :codice". Error message: No field named "codice" in "Fornitore". Did you mean "nome"? Expected one of the available field names in "models.Fornitore": "[email, id, indirizzo, iva, nome, prodotti, telefono]".
	at org.apache.openjpa.kernel.exps.AbstractExpressionBuilder.parseException(AbstractExpressionBuilder.java:119)
	at org.apache.openjpa.kernel.exps.AbstractExpressionBuilder.traversePath(AbstractExpressionBuilder.java:296)
	at org.apache.openjpa.kernel.jpql.JPQLExpressionBuilder.getPath(JPQLExpressionBuilder.java:1982)
	at org.apache.openjpa.kernel.jpql.JPQLExpressionBuilder.getPathOrConstant(JPQLExpressionBuilder.java:1902)
	at org.apache.openjpa.kernel.jpql.JPQLExpressionBuilder.eval(JPQLExpressionBuilder.java:1189)
	at org.apache.openjpa.kernel.jpql.JPQLExpressionBuilder.getValue(JPQLExpressionBuilder.java:2095)
	at org.apache.openjpa.kernel.jpql.JPQLExpressionBuilder.getValue(JPQLExpressionBuilder.java:2081)
	at org.apache.openjpa.kernel.jpql.JPQLExpressionBuilder.eval(JPQLExpressionBuilder.java:1063)
	at org.apache.openjpa.kernel.jpql.JPQLExpressionBuilder.getExpression(JPQLExpressionBuilder.java:2011)
	at org.apache.openjpa.kernel.jpql.JPQLExpressionBuilder.eval(JPQLExpressionBuilder.java:1001)
	at org.apache.openjpa.kernel.jpql.JPQLExpressionBuilder.evalWhereClause(JPQLExpressionBuilder.java:672)
	at org.apache.openjpa.kernel.jpql.JPQLExpressionBuilder.getQueryExpressions(JPQLExpressionBuilder.java:297)
	at org.apache.openjpa.kernel.jpql.JPQLParser.eval(JPQLParser.java:67)
	at org.apache.openjpa.kernel.ExpressionStoreQuery$DataStoreExecutor.<init>(ExpressionStoreQuery.java:763)
	at org.apache.openjpa.kernel.ExpressionStoreQuery.newDataStoreExecutor(ExpressionStoreQuery.java:179)
	at org.apache.openjpa.kernel.QueryImpl.createExecutor(QueryImpl.java:749)
	at org.apache.openjpa.kernel.QueryImpl.compileForDataStore(QueryImpl.java:707)
	at org.apache.openjpa.kernel.QueryImpl.compileForExecutor(QueryImpl.java:689)
	at org.apache.openjpa.kernel.QueryImpl.compile(QueryImpl.java:589)
	at org.apache.openjpa.persistence.EntityManagerImpl.createQuery(EntityManagerImpl.java:997)
	at org.apache.openjpa.persistence.EntityManagerImpl.createQuery(EntityManagerImpl.java:979)
	at org.apache.openjpa.persistence.EntityManagerImpl.createQuery(EntityManagerImpl.java:102)
	at sun.reflect.NativeMethodAccessorImpl.invoke0(Native Method)
	at sun.reflect.NativeMethodAccessorImpl.invoke(NativeMethodAccessorImpl.java:62)
	at sun.reflect.DelegatingMethodAccessorImpl.invoke(DelegatingMethodAccessorImpl.java:43)
	at java.lang.reflect.Method.invoke(Method.java:497)
	at org.apache.openejb.persistence.JtaEntityManager.createQuery(JtaEntityManager.java:338)
	at org.apache.openejb.persistence.JtaEntityManager.proxyIfNoTx(JtaEntityManager.java:326)
	at org.apache.openejb.persistence.JtaEntityManager.createQuery(JtaEntityManager.java:280)
	at facades.FornitoreFacade.getFornitore(FornitoreFacade.java:27)
	at sun.reflect.NativeMethodAccessorImpl.invoke0(Native Method)
	at sun.reflect.NativeMethodAccessorImpl.invoke(NativeMethodAccessorImpl.java:62)
	at sun.reflect.DelegatingMethodAccessorImpl.invoke(DelegatingMethodAccessorImpl.java:43)
	at java.lang.reflect.Method.invoke(Method.java:497)
	at org.apache.openejb.core.interceptor.ReflectionInvocationContext$Invocation.invoke(ReflectionInvocationContext.java:192)
	at org.apache.openejb.core.interceptor.ReflectionInvocationContext.proceed(ReflectionInvocationContext.java:173)
	at org.apache.openejb.monitoring.StatsInterceptor.record(StatsInterceptor.java:181)
	at org.apache.openejb.monitoring.StatsInterceptor.invoke(StatsInterceptor.java:100)
	at sun.reflect.NativeMethodAccessorImpl.invoke0(Native Method)
	at sun.reflect.NativeMethodAccessorImpl.invoke(NativeMethodAccessorImpl.java:62)
	at sun.reflect.DelegatingMethodAccessorImpl.invoke(DelegatingMethodAccessorImpl.java:43)
	at java.lang.reflect.Method.invoke(Method.java:497)
	at org.apache.openejb.core.interceptor.ReflectionInvocationContext$Invocation.invoke(ReflectionInvocationContext.java:192)
	at org.apache.openejb.core.interceptor.ReflectionInvocationContext.proceed(ReflectionInvocationContext.java:173)
	at org.apache.openejb.core.interceptor.InterceptorStack.invoke(InterceptorStack.java:85)
	at org.apache.openejb.core.stateless.StatelessContainer._invoke(StatelessContainer.java:227)
	at org.apache.openejb.core.stateless.StatelessContainer.invoke(StatelessContainer.java:194)
	at org.apache.openejb.core.ivm.EjbObjectProxyHandler.synchronizedBusinessMethod(EjbObjectProxyHandler.java:308)
	at org.apache.openejb.core.ivm.EjbObjectProxyHandler.businessMethod(EjbObjectProxyHandler.java:303)
	at org.apache.openejb.core.ivm.EjbObjectProxyHandler._invoke(EjbObjectProxyHandler.java:92)
	at org.apache.openejb.core.ivm.BaseEjbProxyHandler.invoke(BaseEjbProxyHandler.java:308)
	at facades.FornitoreFacade$$LocalBeanProxy.getFornitore(facades/FornitoreFacade.java)
	at controllers.ProdottoController.inserisciNuovoProdotto(ProdottoController.java:77)
	at sun.reflect.NativeMethodAccessorImpl.invoke0(Native Method)
	at sun.reflect.NativeMethodAccessorImpl.invoke(NativeMethodAccessorImpl.java:62)
	at sun.reflect.DelegatingMethodAccessorImpl.invoke(DelegatingMethodAccessorImpl.java:43)
	at java.lang.reflect.Method.invoke(Method.java:497)
	at org.apache.el.parser.AstValue.invoke(AstValue.java:278)
	at org.apache.el.MethodExpressionImpl.invoke(MethodExpressionImpl.java:273)
	at org.apache.myfaces.view.facelets.el.ContextAwareTagMethodExpression.invoke(ContextAwareTagMethodExpression.java:96)
	at org.apache.myfaces.application.ActionListenerImpl.processAction(ActionListenerImpl.java:74)
	at javax.faces.component.UICommand.broadcast(UICommand.java:120)
	at javax.faces.component.UIViewRoot._broadcastAll(UIViewRoot.java:1172)
	at javax.faces.component.UIViewRoot.broadcastEvents(UIViewRoot.java:365)
	at javax.faces.component.UIViewRoot._process(UIViewRoot.java:1658)
	at javax.faces.component.UIViewRoot.processApplication(UIViewRoot.java:862)
	at org.apache.myfaces.lifecycle.InvokeApplicationExecutor.execute(InvokeApplicationExecutor.java:42)
	at org.apache.myfaces.lifecycle.LifecycleImpl.executePhase(LifecycleImpl.java:196)
	at org.apache.myfaces.lifecycle.LifecycleImpl.execute(LifecycleImpl.java:143)
	at javax.faces.webapp.FacesServlet.service(FacesServlet.java:198)
	at org.apache.catalina.core.ApplicationFilterChain.internalDoFilter(ApplicationFilterChain.java:303)
	at org.apache.catalina.core.ApplicationFilterChain.doFilter(ApplicationFilterChain.java:208)
	at org.apache.tomcat.websocket.server.WsFilter.doFilter(WsFilter.java:52)
	at org.apache.catalina.core.ApplicationFilterChain.internalDoFilter(ApplicationFilterChain.java:241)
	at org.apache.catalina.core.ApplicationFilterChain.doFilter(ApplicationFilterChain.java:208)
	at org.apache.catalina.core.StandardWrapperValve.invoke(StandardWrapperValve.java:220)
	at org.apache.catalina.core.StandardContextValve.invoke(StandardContextValve.java:122)
	at org.apache.tomee.catalina.OpenEJBValve.invoke(OpenEJBValve.java:44)
	at org.apache.catalina.authenticator.AuthenticatorBase.invoke(AuthenticatorBase.java:501)
	at org.apache.catalina.core.StandardHostValve.invoke(StandardHostValve.java:171)
	at org.apache.catalina.valves.ErrorReportValve.invoke(ErrorReportValve.java:103)
	at org.apache.catalina.valves.AccessLogValve.invoke(AccessLogValve.java:950)
	at org.apache.catalina.core.StandardEngineValve.invoke(StandardEngineValve.java:116)
	at org.apache.catalina.connector.CoyoteAdapter.service(CoyoteAdapter.java:408)
	at org.apache.coyote.http11.AbstractHttp11Processor.process(AbstractHttp11Processor.java:1070)
	at org.apache.coyote.AbstractProtocol$AbstractConnectionHandler.process(AbstractProtocol.java:611)
	at org.apache.tomcat.util.net.JIoEndpoint$SocketProcessor.run(JIoEndpoint.java:316)
	at java.util.concurrent.ThreadPoolExecutor.runWorker(ThreadPoolExecutor.java:1142)
	at java.util.concurrent.ThreadPoolExecutor$Worker.run(ThreadPoolExecutor.java:617)
	at org.apache.tomcat.util.threads.TaskThread$WrappingRunnable.run(TaskThread.java:61)
	at java.lang.Thread.run(Thread.java:745)

giu 14, 2015 6:07:39 PM org.apache.catalina.core.StandardWrapperValve invoke
GRAVE: Servlet.service() for servlet [Faces Servlet] in context with path [/paws-and-claws] threw exception [javax.el.ELException: javax.ejb.EJBException: The bean encountered a non-application exception; nested exception is: 
	<openjpa-2.4.0-nonfinal-1598334-r422266:1599166 fatal user error> org.apache.openjpa.persistence.ArgumentException: You have supplied columns for "models.Fornitore.prodotti", but this mapping cannot have columns in this context.] with root cause
<openjpa-2.4.0-nonfinal-1598334-r422266:1599166 fatal user error> org.apache.openjpa.persistence.ArgumentException: You have supplied columns for "models.Fornitore.prodotti", but this mapping cannot have columns in this context.
	at org.apache.openjpa.jdbc.meta.MappingInfo.assertNoSchemaComponents(MappingInfo.java:382)
	at org.apache.openjpa.jdbc.meta.strats.RelationToManyTableFieldStrategy.map(RelationToManyTableFieldStrategy.java:121)
	at org.apache.openjpa.jdbc.meta.strats.RelationCollectionTableFieldStrategy.map(RelationCollectionTableFieldStrategy.java:94)
	at org.apache.openjpa.jdbc.meta.FieldMapping.setStrategy(FieldMapping.java:146)
	at org.apache.openjpa.jdbc.meta.RuntimeStrategyInstaller.installStrategy(RuntimeStrategyInstaller.java:82)
	at org.apache.openjpa.jdbc.meta.FieldMapping.resolveMapping(FieldMapping.java:496)
	at org.apache.openjpa.jdbc.meta.FieldMapping.resolve(FieldMapping.java:461)
	at org.apache.openjpa.jdbc.meta.ClassMapping.resolveMapping(ClassMapping.java:854)
	at org.apache.openjpa.meta.ClassMetaData.resolve(ClassMetaData.java:1811)
	at org.apache.openjpa.meta.MetaDataRepository.processBuffer(MetaDataRepository.java:829)
	at org.apache.openjpa.meta.MetaDataRepository.resolveMapping(MetaDataRepository.java:784)
	at org.apache.openjpa.meta.MetaDataRepository.resolve(MetaDataRepository.java:664)
	at org.apache.openjpa.meta.MetaDataRepository.getMetaDataInternal(MetaDataRepository.java:418)
	at org.apache.openjpa.meta.MetaDataRepository.getMetaData(MetaDataRepository.java:389)
	at org.apache.openjpa.jdbc.meta.MappingRepository.getMapping(MappingRepository.java:354)
	at org.apache.openjpa.jdbc.meta.MappingTool.getMapping(MappingTool.java:682)
	at org.apache.openjpa.jdbc.meta.MappingTool.buildSchema(MappingTool.java:754)
	at org.apache.openjpa.jdbc.meta.MappingTool.run(MappingTool.java:652)
	at org.apache.openjpa.jdbc.kernel.JDBCBrokerFactory.synchronizeMappings(JDBCBrokerFactory.java:154)
	at org.apache.openjpa.jdbc.kernel.JDBCBrokerFactory.synchronizeMappings(JDBCBrokerFactory.java:164)
	at org.apache.openjpa.jdbc.kernel.JDBCBrokerFactory.newBrokerImpl(JDBCBrokerFactory.java:122)
	at org.apache.openjpa.kernel.AbstractBrokerFactory.newBroker(AbstractBrokerFactory.java:208)
	at org.apache.openjpa.kernel.DelegatingBrokerFactory.newBroker(DelegatingBrokerFactory.java:155)
	at org.apache.openjpa.persistence.EntityManagerFactoryImpl.createEntityManager(EntityManagerFactoryImpl.java:226)
	at org.apache.openjpa.persistence.EntityManagerFactoryImpl.createEntityManager(EntityManagerFactoryImpl.java:59)
	at org.apache.openejb.assembler.classic.ReloadableEntityManagerFactory.createEntityManager(ReloadableEntityManagerFactory.java:160)
	at org.apache.openejb.persistence.JtaEntityManagerRegistry.getEntityManager(JtaEntityManagerRegistry.java:119)
	at org.apache.openejb.persistence.JtaEntityManager.getEntityManager(JtaEntityManager.java:96)
	at org.apache.openejb.persistence.JtaEntityManager.typedProxyIfNoTx(JtaEntityManager.java:333)
	at org.apache.openejb.persistence.JtaEntityManager.createNamedQuery(JtaEntityManager.java:381)
	at facades.FornitoreFacade.getFornitori(FornitoreFacade.java:21)
	at sun.reflect.NativeMethodAccessorImpl.invoke0(Native Method)
	at sun.reflect.NativeMethodAccessorImpl.invoke(NativeMethodAccessorImpl.java:62)
	at sun.reflect.DelegatingMethodAccessorImpl.invoke(DelegatingMethodAccessorImpl.java:43)
	at java.lang.reflect.Method.invoke(Method.java:497)
	at org.apache.openejb.core.interceptor.ReflectionInvocationContext$Invocation.invoke(ReflectionInvocationContext.java:192)
	at org.apache.openejb.core.interceptor.ReflectionInvocationContext.proceed(ReflectionInvocationContext.java:173)
	at org.apache.openejb.monitoring.StatsInterceptor.record(StatsInterceptor.java:181)
	at org.apache.openejb.monitoring.StatsInterceptor.invoke(StatsInterceptor.java:100)
	at sun.reflect.GeneratedMethodAccessor237.invoke(Unknown Source)
	at sun.reflect.DelegatingMethodAccessorImpl.invoke(DelegatingMethodAccessorImpl.java:43)
	at java.lang.reflect.Method.invoke(Method.java:497)
	at org.apache.openejb.core.interceptor.ReflectionInvocationContext$Invocation.invoke(ReflectionInvocationContext.java:192)
	at org.apache.openejb.core.interceptor.ReflectionInvocationContext.proceed(ReflectionInvocationContext.java:173)
	at org.apache.openejb.core.interceptor.InterceptorStack.invoke(InterceptorStack.java:85)
	at org.apache.openejb.core.stateless.StatelessContainer._invoke(StatelessContainer.java:227)
	at org.apache.openejb.core.stateless.StatelessContainer.invoke(StatelessContainer.java:194)
	at org.apache.openejb.core.ivm.EjbObjectProxyHandler.synchronizedBusinessMethod(EjbObjectProxyHandler.java:308)
	at org.apache.openejb.core.ivm.EjbObjectProxyHandler.businessMethod(EjbObjectProxyHandler.java:303)
	at org.apache.openejb.core.ivm.EjbObjectProxyHandler._invoke(EjbObjectProxyHandler.java:92)
	at org.apache.openejb.core.ivm.BaseEjbProxyHandler.invoke(BaseEjbProxyHandler.java:308)
	at facades.FornitoreFacade$$LocalBeanProxy.getFornitori(facades/FornitoreFacade.java)
	at controllers.ProdottoController.getFornitoriDB(ProdottoController.java:97)
	at sun.reflect.NativeMethodAccessorImpl.invoke0(Native Method)
	at sun.reflect.NativeMethodAccessorImpl.invoke(NativeMethodAccessorImpl.java:62)
	at sun.reflect.DelegatingMethodAccessorImpl.invoke(DelegatingMethodAccessorImpl.java:43)
	at java.lang.reflect.Method.invoke(Method.java:497)
	at org.apache.el.parser.AstValue.invoke(AstValue.java:278)
	at org.apache.el.MethodExpressionImpl.invoke(MethodExpressionImpl.java:273)
	at org.apache.myfaces.view.facelets.el.ContextAwareTagMethodExpression.invoke(ContextAwareTagMethodExpression.java:96)
	at org.apache.myfaces.application.ActionListenerImpl.processAction(ActionListenerImpl.java:74)
	at javax.faces.component.UICommand.broadcast(UICommand.java:120)
	at javax.faces.component.UIViewRoot._broadcastAll(UIViewRoot.java:1172)
	at javax.faces.component.UIViewRoot.broadcastEvents(UIViewRoot.java:365)
	at javax.faces.component.UIViewRoot._process(UIViewRoot.java:1658)
	at javax.faces.component.UIViewRoot.processApplication(UIViewRoot.java:862)
	at org.apache.myfaces.lifecycle.InvokeApplicationExecutor.execute(InvokeApplicationExecutor.java:42)
	at org.apache.myfaces.lifecycle.LifecycleImpl.executePhase(LifecycleImpl.java:196)
	at org.apache.myfaces.lifecycle.LifecycleImpl.execute(LifecycleImpl.java:143)
	at javax.faces.webapp.FacesServlet.service(FacesServlet.java:198)
	at org.apache.catalina.core.ApplicationFilterChain.internalDoFilter(ApplicationFilterChain.java:303)
	at org.apache.catalina.core.ApplicationFilterChain.doFilter(ApplicationFilterChain.java:208)
	at org.apache.tomcat.websocket.server.WsFilter.doFilter(WsFilter.java:52)
	at org.apache.catalina.core.ApplicationFilterChain.internalDoFilter(ApplicationFilterChain.java:241)
	at org.apache.catalina.core.ApplicationFilterChain.doFilter(ApplicationFilterChain.java:208)
	at org.apache.catalina.core.StandardWrapperValve.invoke(StandardWrapperValve.java:220)
	at org.apache.catalina.core.StandardContextValve.invoke(StandardContextValve.java:122)
	at org.apache.tomee.catalina.OpenEJBValve.invoke(OpenEJBValve.java:44)
	at org.apache.catalina.authenticator.AuthenticatorBase.invoke(AuthenticatorBase.java:501)
	at org.apache.catalina.core.StandardHostValve.invoke(StandardHostValve.java:171)
	at org.apache.catalina.valves.ErrorReportValve.invoke(ErrorReportValve.java:103)
	at org.apache.catalina.valves.AccessLogValve.invoke(AccessLogValve.java:950)
	at org.apache.catalina.core.StandardEngineValve.invoke(StandardEngineValve.java:116)
	at org.apache.catalina.connector.CoyoteAdapter.service(CoyoteAdapter.java:408)
	at org.apache.coyote.http11.AbstractHttp11Processor.process(AbstractHttp11Processor.java:1070)
	at org.apache.coyote.AbstractProtocol$AbstractConnectionHandler.process(AbstractProtocol.java:611)
	at org.apache.tomcat.util.net.JIoEndpoint$SocketProcessor.run(JIoEndpoint.java:316)
	at java.util.concurrent.ThreadPoolExecutor.runWorker(ThreadPoolExecutor.java:1142)
	at java.util.concurrent.ThreadPoolExecutor$Worker.run(ThreadPoolExecutor.java:617)
	at org.apache.tomcat.util.threads.TaskThread$WrappingRunnable.run(TaskThread.java:61)
	at java.lang.Thread.run(Thread.java:745)

