giu 07, 2015 5:05:06 PM org.apache.catalina.core.StandardWrapperValve invoke
GRAVE: Servlet.service() for servlet [Faces Servlet] in context with path [/paws-and-claws] threw exception [rowIndex is less than -1] with root cause
java.lang.IllegalArgumentException: rowIndex is less than -1
	at org.apache.myfaces.view.facelets.component.UIRepeat._setIndex(UIRepeat.java:700)
	at org.apache.myfaces.view.facelets.component.UIRepeat.process(UIRepeat.java:907)
	at org.apache.myfaces.view.facelets.component.UIRepeat.processDecodes(UIRepeat.java:1224)
	at javax.faces.component.UIComponentBase.processDecodes(UIComponentBase.java:1401)
	at javax.faces.component.UIComponentBase.processDecodes(UIComponentBase.java:1401)
	at javax.faces.component.UIViewRoot._processDecodesDefault(UIViewRoot.java:1689)
	at javax.faces.component.UIViewRoot.access$500(UIViewRoot.java:77)
	at javax.faces.component.UIViewRoot$ApplyRequestValuesPhaseProcessor.process(UIViewRoot.java:1780)
	at javax.faces.component.UIViewRoot._process(UIViewRoot.java:1655)
	at javax.faces.component.UIViewRoot.processDecodes(UIViewRoot.java:869)
	at org.apache.myfaces.lifecycle.ApplyRequestValuesExecutor.execute(ApplyRequestValuesExecutor.java:42)
	at org.apache.myfaces.lifecycle.LifecycleImpl.executePhase(LifecycleImpl.java:196)
	at org.apache.myfaces.lifecycle.LifecycleImpl.execute(LifecycleImpl.java:143)
	at javax.faces.webapp.FacesServlet.service(FacesServlet.java:198)
	at org.apache.catalina.core.ApplicationFilterChain.internalDoFilter(ApplicationFilterChain.java:303)
	at org.apache.catalina.core.ApplicationFilterChain.doFilter(ApplicationFilterChain.java:208)
	at org.apache.tomcat.websocket.server.WsFilter.doFilter(WsFilter.java:52)
	at org.apache.catalina.core.ApplicationFilterChain.internalDoFilter(ApplicationFilterChain.java:241)
	at org.apache.catalina.core.ApplicationFilterChain.doFilter(ApplicationFilterChain.java:208)
	at org.apache.catalina.core.StandardWrapperValve.invoke(StandardWrapperValve.java:220)
	at org.apache.catalina.core.StandardContextValve.invoke(StandardContextValve.java:122)
	at org.apache.tomee.catalina.OpenEJBValve.invoke(OpenEJBValve.java:44)
	at org.apache.catalina.authenticator.AuthenticatorBase.invoke(AuthenticatorBase.java:501)
	at org.apache.catalina.core.StandardHostValve.invoke(StandardHostValve.java:171)
	at org.apache.catalina.valves.ErrorReportValve.invoke(ErrorReportValve.java:103)
	at org.apache.catalina.valves.AccessLogValve.invoke(AccessLogValve.java:950)
	at org.apache.catalina.core.StandardEngineValve.invoke(StandardEngineValve.java:116)
	at org.apache.catalina.connector.CoyoteAdapter.service(CoyoteAdapter.java:408)
	at org.apache.coyote.http11.AbstractHttp11Processor.process(AbstractHttp11Processor.java:1070)
	at org.apache.coyote.AbstractProtocol$AbstractConnectionHandler.process(AbstractProtocol.java:611)
	at org.apache.tomcat.util.net.JIoEndpoint$SocketProcessor.run(JIoEndpoint.java:316)
	at java.util.concurrent.ThreadPoolExecutor.runWorker(ThreadPoolExecutor.java:1142)
	at java.util.concurrent.ThreadPoolExecutor$Worker.run(ThreadPoolExecutor.java:617)
	at org.apache.tomcat.util.threads.TaskThread$WrappingRunnable.run(TaskThread.java:61)
	at java.lang.Thread.run(Thread.java:745)

