giu 13, 2015 8:27:33 PM org.apache.catalina.core.StandardWrapperValve invoke
GRAVE: Servlet.service() for servlet [Faces Servlet] in context with path [/paws-and-claws] threw exception [Error Parsing /viewMetadata/catalogo.xhtml: Error Traced[line: 140] Il nome entità deve seguire immediatamente '&' nel riferimento di entità.] with root cause
javax.faces.view.facelets.FaceletException: Error Parsing /viewMetadata/catalogo.xhtml: Error Traced[line: 140] Il nome entità deve seguire immediatamente '&' nel riferimento di entità.
	at org.apache.myfaces.view.facelets.compiler.SAXCompiler.doCompileViewMetadata(SAXCompiler.java:820)
	at org.apache.myfaces.view.facelets.compiler.Compiler.compileViewMetadata(Compiler.java:97)
	at org.apache.myfaces.view.facelets.impl.DefaultFaceletFactory._createViewMetadataFacelet(DefaultFaceletFactory.java:414)
	at org.apache.myfaces.view.facelets.impl.DefaultFaceletFactory.access$100(DefaultFaceletFactory.java:57)
	at org.apache.myfaces.view.facelets.impl.DefaultFaceletFactory$2.newInstance(DefaultFaceletFactory.java:131)
	at org.apache.myfaces.view.facelets.impl.DefaultFaceletFactory$2.newInstance(DefaultFaceletFactory.java:128)
	at org.apache.myfaces.view.facelets.impl.FaceletCacheImpl.getViewMetadataFacelet(FaceletCacheImpl.java:114)
	at org.apache.myfaces.view.facelets.impl.FaceletCacheImpl.getViewMetadataFacelet(FaceletCacheImpl.java:51)
	at org.apache.myfaces.view.facelets.impl.DefaultFaceletFactory.getViewMetadataFacelet(DefaultFaceletFactory.java:509)
	at org.apache.myfaces.view.facelets.impl.DefaultFaceletFactory.getViewMetadataFacelet(DefaultFaceletFactory.java:493)
	at org.apache.myfaces.view.facelets.FaceletViewDeclarationLanguage._getViewMetadataFacelet(FaceletViewDeclarationLanguage.java:2590)
	at org.apache.myfaces.view.facelets.FaceletViewDeclarationLanguage.access$000(FaceletViewDeclarationLanguage.java:147)
	at org.apache.myfaces.view.facelets.FaceletViewDeclarationLanguage$FaceletViewMetadata.createMetadataView(FaceletViewDeclarationLanguage.java:2744)
	at org.apache.myfaces.application.NavigationHandlerImpl.handleNavigation(NavigationHandlerImpl.java:305)
	at org.apache.myfaces.application.NavigationHandlerImpl.handleNavigation(NavigationHandlerImpl.java:122)
	at org.apache.myfaces.application.ActionListenerImpl.processAction(ActionListenerImpl.java:140)
	at javax.faces.component.UICommand.broadcast(UICommand.java:120)
	at javax.faces.component.UIViewRoot._broadcastAll(UIViewRoot.java:1172)
	at javax.faces.component.UIViewRoot.broadcastEvents(UIViewRoot.java:365)
	at javax.faces.component.UIViewRoot._process(UIViewRoot.java:1658)
	at javax.faces.component.UIViewRoot.processApplication(UIViewRoot.java:862)
	at org.apache.myfaces.lifecycle.InvokeApplicationExecutor.execute(InvokeApplicationExecutor.java:42)
	at org.apache.myfaces.lifecycle.LifecycleImpl.executePhase(LifecycleImpl.java:196)
	at org.apache.myfaces.lifecycle.LifecycleImpl.execute(LifecycleImpl.java:143)
	at javax.faces.webapp.FacesServlet.service(FacesServlet.java:198)
	at org.apache.catalina.core.ApplicationFilterChain.internalDoFilter(ApplicationFilterChain.java:303)
	at org.apache.catalina.core.ApplicationFilterChain.doFilter(ApplicationFilterChain.java:208)
	at org.apache.tomcat.websocket.server.WsFilter.doFilter(WsFilter.java:52)
	at org.apache.catalina.core.ApplicationFilterChain.internalDoFilter(ApplicationFilterChain.java:241)
	at org.apache.catalina.core.ApplicationFilterChain.doFilter(ApplicationFilterChain.java:208)
	at org.apache.catalina.core.StandardWrapperValve.invoke(StandardWrapperValve.java:220)
	at org.apache.catalina.core.StandardContextValve.invoke(StandardContextValve.java:122)
	at org.apache.tomee.catalina.OpenEJBValve.invoke(OpenEJBValve.java:44)
	at org.apache.catalina.authenticator.AuthenticatorBase.invoke(AuthenticatorBase.java:501)
	at org.apache.catalina.core.StandardHostValve.invoke(StandardHostValve.java:171)
	at org.apache.catalina.valves.ErrorReportValve.invoke(ErrorReportValve.java:103)
	at org.apache.catalina.valves.AccessLogValve.invoke(AccessLogValve.java:950)
	at org.apache.catalina.core.StandardEngineValve.invoke(StandardEngineValve.java:116)
	at org.apache.catalina.connector.CoyoteAdapter.service(CoyoteAdapter.java:408)
	at org.apache.coyote.http11.AbstractHttp11Processor.process(AbstractHttp11Processor.java:1070)
	at org.apache.coyote.AbstractProtocol$AbstractConnectionHandler.process(AbstractProtocol.java:611)
	at org.apache.tomcat.util.net.JIoEndpoint$SocketProcessor.run(JIoEndpoint.java:316)
	at java.util.concurrent.ThreadPoolExecutor.runWorker(ThreadPoolExecutor.java:1142)
	at java.util.concurrent.ThreadPoolExecutor$Worker.run(ThreadPoolExecutor.java:617)
	at org.apache.tomcat.util.threads.TaskThread$WrappingRunnable.run(TaskThread.java:61)
	at java.lang.Thread.run(Thread.java:745)

giu 13, 2015 8:27:51 PM org.apache.catalina.core.StandardWrapperValve invoke
GRAVE: Servlet.service() for servlet [Faces Servlet] in context with path [/paws-and-claws] threw exception [Error Parsing /viewMetadata/catalogo.xhtml: Error Traced[line: 140] Il nome entità deve seguire immediatamente '&' nel riferimento di entità.] with root cause
javax.faces.view.facelets.FaceletException: Error Parsing /viewMetadata/catalogo.xhtml: Error Traced[line: 140] Il nome entità deve seguire immediatamente '&' nel riferimento di entità.
	at org.apache.myfaces.view.facelets.compiler.SAXCompiler.doCompileViewMetadata(SAXCompiler.java:820)
	at org.apache.myfaces.view.facelets.compiler.Compiler.compileViewMetadata(Compiler.java:97)
	at org.apache.myfaces.view.facelets.impl.DefaultFaceletFactory._createViewMetadataFacelet(DefaultFaceletFactory.java:414)
	at org.apache.myfaces.view.facelets.impl.DefaultFaceletFactory.access$100(DefaultFaceletFactory.java:57)
	at org.apache.myfaces.view.facelets.impl.DefaultFaceletFactory$2.newInstance(DefaultFaceletFactory.java:131)
	at org.apache.myfaces.view.facelets.impl.DefaultFaceletFactory$2.newInstance(DefaultFaceletFactory.java:128)
	at org.apache.myfaces.view.facelets.impl.FaceletCacheImpl.getViewMetadataFacelet(FaceletCacheImpl.java:114)
	at org.apache.myfaces.view.facelets.impl.FaceletCacheImpl.getViewMetadataFacelet(FaceletCacheImpl.java:51)
	at org.apache.myfaces.view.facelets.impl.DefaultFaceletFactory.getViewMetadataFacelet(DefaultFaceletFactory.java:509)
	at org.apache.myfaces.view.facelets.impl.DefaultFaceletFactory.getViewMetadataFacelet(DefaultFaceletFactory.java:493)
	at org.apache.myfaces.view.facelets.FaceletViewDeclarationLanguage._getViewMetadataFacelet(FaceletViewDeclarationLanguage.java:2590)
	at org.apache.myfaces.view.facelets.FaceletViewDeclarationLanguage.access$000(FaceletViewDeclarationLanguage.java:147)
	at org.apache.myfaces.view.facelets.FaceletViewDeclarationLanguage$FaceletViewMetadata.createMetadataView(FaceletViewDeclarationLanguage.java:2744)
	at org.apache.myfaces.application.NavigationHandlerImpl.handleNavigation(NavigationHandlerImpl.java:305)
	at org.apache.myfaces.application.NavigationHandlerImpl.handleNavigation(NavigationHandlerImpl.java:122)
	at org.apache.myfaces.application.ActionListenerImpl.processAction(ActionListenerImpl.java:140)
	at javax.faces.component.UICommand.broadcast(UICommand.java:120)
	at javax.faces.component.UIViewRoot._broadcastAll(UIViewRoot.java:1172)
	at javax.faces.component.UIViewRoot.broadcastEvents(UIViewRoot.java:365)
	at javax.faces.component.UIViewRoot._process(UIViewRoot.java:1658)
	at javax.faces.component.UIViewRoot.processApplication(UIViewRoot.java:862)
	at org.apache.myfaces.lifecycle.InvokeApplicationExecutor.execute(InvokeApplicationExecutor.java:42)
	at org.apache.myfaces.lifecycle.LifecycleImpl.executePhase(LifecycleImpl.java:196)
	at org.apache.myfaces.lifecycle.LifecycleImpl.execute(LifecycleImpl.java:143)
	at javax.faces.webapp.FacesServlet.service(FacesServlet.java:198)
	at org.apache.catalina.core.ApplicationFilterChain.internalDoFilter(ApplicationFilterChain.java:303)
	at org.apache.catalina.core.ApplicationFilterChain.doFilter(ApplicationFilterChain.java:208)
	at org.apache.tomcat.websocket.server.WsFilter.doFilter(WsFilter.java:52)
	at org.apache.catalina.core.ApplicationFilterChain.internalDoFilter(ApplicationFilterChain.java:241)
	at org.apache.catalina.core.ApplicationFilterChain.doFilter(ApplicationFilterChain.java:208)
	at org.apache.catalina.core.StandardWrapperValve.invoke(StandardWrapperValve.java:220)
	at org.apache.catalina.core.StandardContextValve.invoke(StandardContextValve.java:122)
	at org.apache.tomee.catalina.OpenEJBValve.invoke(OpenEJBValve.java:44)
	at org.apache.catalina.authenticator.AuthenticatorBase.invoke(AuthenticatorBase.java:501)
	at org.apache.catalina.core.StandardHostValve.invoke(StandardHostValve.java:171)
	at org.apache.catalina.valves.ErrorReportValve.invoke(ErrorReportValve.java:103)
	at org.apache.catalina.valves.AccessLogValve.invoke(AccessLogValve.java:950)
	at org.apache.catalina.core.StandardEngineValve.invoke(StandardEngineValve.java:116)
	at org.apache.catalina.connector.CoyoteAdapter.service(CoyoteAdapter.java:408)
	at org.apache.coyote.http11.AbstractHttp11Processor.process(AbstractHttp11Processor.java:1070)
	at org.apache.coyote.AbstractProtocol$AbstractConnectionHandler.process(AbstractProtocol.java:611)
	at org.apache.tomcat.util.net.JIoEndpoint$SocketProcessor.run(JIoEndpoint.java:316)
	at java.util.concurrent.ThreadPoolExecutor.runWorker(ThreadPoolExecutor.java:1142)
	at java.util.concurrent.ThreadPoolExecutor$Worker.run(ThreadPoolExecutor.java:617)
	at org.apache.tomcat.util.threads.TaskThread$WrappingRunnable.run(TaskThread.java:61)
	at java.lang.Thread.run(Thread.java:745)

giu 13, 2015 8:28:22 PM org.apache.catalina.core.StandardWrapperValve invoke
GRAVE: Servlet.service() for servlet [Faces Servlet] in context with path [/paws-and-claws] threw exception [Error Parsing /viewMetadata/catalogo.xhtml: Error Traced[line: 140] Il nome entità deve seguire immediatamente '&' nel riferimento di entità.] with root cause
javax.faces.view.facelets.FaceletException: Error Parsing /viewMetadata/catalogo.xhtml: Error Traced[line: 140] Il nome entità deve seguire immediatamente '&' nel riferimento di entità.
	at org.apache.myfaces.view.facelets.compiler.SAXCompiler.doCompileViewMetadata(SAXCompiler.java:820)
	at org.apache.myfaces.view.facelets.compiler.Compiler.compileViewMetadata(Compiler.java:97)
	at org.apache.myfaces.view.facelets.impl.DefaultFaceletFactory._createViewMetadataFacelet(DefaultFaceletFactory.java:414)
	at org.apache.myfaces.view.facelets.impl.DefaultFaceletFactory.access$100(DefaultFaceletFactory.java:57)
	at org.apache.myfaces.view.facelets.impl.DefaultFaceletFactory$2.newInstance(DefaultFaceletFactory.java:131)
	at org.apache.myfaces.view.facelets.impl.DefaultFaceletFactory$2.newInstance(DefaultFaceletFactory.java:128)
	at org.apache.myfaces.view.facelets.impl.FaceletCacheImpl.getViewMetadataFacelet(FaceletCacheImpl.java:114)
	at org.apache.myfaces.view.facelets.impl.FaceletCacheImpl.getViewMetadataFacelet(FaceletCacheImpl.java:51)
	at org.apache.myfaces.view.facelets.impl.DefaultFaceletFactory.getViewMetadataFacelet(DefaultFaceletFactory.java:509)
	at org.apache.myfaces.view.facelets.impl.DefaultFaceletFactory.getViewMetadataFacelet(DefaultFaceletFactory.java:493)
	at org.apache.myfaces.view.facelets.FaceletViewDeclarationLanguage._getViewMetadataFacelet(FaceletViewDeclarationLanguage.java:2590)
	at org.apache.myfaces.view.facelets.FaceletViewDeclarationLanguage.access$000(FaceletViewDeclarationLanguage.java:147)
	at org.apache.myfaces.view.facelets.FaceletViewDeclarationLanguage$FaceletViewMetadata.createMetadataView(FaceletViewDeclarationLanguage.java:2744)
	at org.apache.myfaces.application.NavigationHandlerImpl.handleNavigation(NavigationHandlerImpl.java:305)
	at org.apache.myfaces.application.NavigationHandlerImpl.handleNavigation(NavigationHandlerImpl.java:122)
	at org.apache.myfaces.application.ActionListenerImpl.processAction(ActionListenerImpl.java:140)
	at javax.faces.component.UICommand.broadcast(UICommand.java:120)
	at javax.faces.component.UIViewRoot._broadcastAll(UIViewRoot.java:1172)
	at javax.faces.component.UIViewRoot.broadcastEvents(UIViewRoot.java:365)
	at javax.faces.component.UIViewRoot._process(UIViewRoot.java:1658)
	at javax.faces.component.UIViewRoot.processApplication(UIViewRoot.java:862)
	at org.apache.myfaces.lifecycle.InvokeApplicationExecutor.execute(InvokeApplicationExecutor.java:42)
	at org.apache.myfaces.lifecycle.LifecycleImpl.executePhase(LifecycleImpl.java:196)
	at org.apache.myfaces.lifecycle.LifecycleImpl.execute(LifecycleImpl.java:143)
	at javax.faces.webapp.FacesServlet.service(FacesServlet.java:198)
	at org.apache.catalina.core.ApplicationFilterChain.internalDoFilter(ApplicationFilterChain.java:303)
	at org.apache.catalina.core.ApplicationFilterChain.doFilter(ApplicationFilterChain.java:208)
	at org.apache.tomcat.websocket.server.WsFilter.doFilter(WsFilter.java:52)
	at org.apache.catalina.core.ApplicationFilterChain.internalDoFilter(ApplicationFilterChain.java:241)
	at org.apache.catalina.core.ApplicationFilterChain.doFilter(ApplicationFilterChain.java:208)
	at org.apache.catalina.core.StandardWrapperValve.invoke(StandardWrapperValve.java:220)
	at org.apache.catalina.core.StandardContextValve.invoke(StandardContextValve.java:122)
	at org.apache.tomee.catalina.OpenEJBValve.invoke(OpenEJBValve.java:44)
	at org.apache.catalina.authenticator.AuthenticatorBase.invoke(AuthenticatorBase.java:501)
	at org.apache.catalina.core.StandardHostValve.invoke(StandardHostValve.java:171)
	at org.apache.catalina.valves.ErrorReportValve.invoke(ErrorReportValve.java:103)
	at org.apache.catalina.valves.AccessLogValve.invoke(AccessLogValve.java:950)
	at org.apache.catalina.core.StandardEngineValve.invoke(StandardEngineValve.java:116)
	at org.apache.catalina.connector.CoyoteAdapter.service(CoyoteAdapter.java:408)
	at org.apache.coyote.http11.AbstractHttp11Processor.process(AbstractHttp11Processor.java:1070)
	at org.apache.coyote.AbstractProtocol$AbstractConnectionHandler.process(AbstractProtocol.java:611)
	at org.apache.tomcat.util.net.JIoEndpoint$SocketProcessor.run(JIoEndpoint.java:316)
	at java.util.concurrent.ThreadPoolExecutor.runWorker(ThreadPoolExecutor.java:1142)
	at java.util.concurrent.ThreadPoolExecutor$Worker.run(ThreadPoolExecutor.java:617)
	at org.apache.tomcat.util.threads.TaskThread$WrappingRunnable.run(TaskThread.java:61)
	at java.lang.Thread.run(Thread.java:745)

giu 13, 2015 8:29:16 PM org.apache.catalina.core.StandardWrapperValve invoke
GRAVE: Servlet.service() for servlet [Faces Servlet] in context with path [/paws-and-claws] threw exception [Failed to parse the expression [${param.pagina==null and catalogoController.size>12]] with root cause
org.apache.el.parser.ParseException: Encountered "<EOF>" at line 1, column 51.
Was expecting one of:
    "}" ...
    "." ...
    "[" ...
    ">" ...
    "gt" ...
    "<" ...
    "lt" ...
    ">=" ...
    "ge" ...
    "<=" ...
    "le" ...
    "==" ...
    "eq" ...
    "!=" ...
    "ne" ...
    "&&" ...
    "and" ...
    "||" ...
    "or" ...
    "*" ...
    "+" ...
    "-" ...
    "/" ...
    "div" ...
    "%" ...
    "mod" ...
    
	at org.apache.el.parser.ELParser.generateParseException(ELParser.java:2217)
	at org.apache.el.parser.ELParser.jj_consume_token(ELParser.java:2099)
	at org.apache.el.parser.ELParser.DynamicExpression(ELParser.java:150)
	at org.apache.el.parser.ELParser.CompositeExpression(ELParser.java:46)
	at org.apache.el.lang.ExpressionBuilder.createNodeInternal(ExpressionBuilder.java:114)
	at org.apache.el.lang.ExpressionBuilder.build(ExpressionBuilder.java:171)
	at org.apache.el.lang.ExpressionBuilder.createValueExpression(ExpressionBuilder.java:216)
	at org.apache.el.ExpressionFactoryImpl.createValueExpression(ExpressionFactoryImpl.java:66)
	at org.apache.webbeans.el22.WrappedExpressionFactory.createValueExpression(WrappedExpressionFactory.java:59)
	at org.apache.myfaces.view.facelets.tag.TagAttributeImpl.getValueExpression(TagAttributeImpl.java:486)
	at org.apache.myfaces.view.facelets.tag.TagAttributeImpl.getObject(TagAttributeImpl.java:428)
	at org.apache.myfaces.view.facelets.tag.TagAttributeImpl.getBoolean(TagAttributeImpl.java:143)
	at org.apache.myfaces.view.facelets.tag.jstl.core.IfHandler.apply(IfHandler.java:110)
	at javax.faces.view.facelets.CompositeFaceletHandler.apply(CompositeFaceletHandler.java:46)
	at org.apache.myfaces.view.facelets.tag.ui.DefineHandler.applyDefinition(DefineHandler.java:86)
	at org.apache.myfaces.view.facelets.tag.ui.CompositionHandler.apply(CompositionHandler.java:178)
	at org.apache.myfaces.view.facelets.impl.TemplateContextImpl$TemplateManagerImpl.apply(TemplateContextImpl.java:193)
	at org.apache.myfaces.view.facelets.impl.TemplateContextImpl.includeDefinition(TemplateContextImpl.java:136)
	at org.apache.myfaces.view.facelets.impl.DefaultFaceletContext.includeDefinition(DefaultFaceletContext.java:476)
	at org.apache.myfaces.view.facelets.tag.ui.InsertHandler.apply(InsertHandler.java:94)
	at javax.faces.view.facelets.CompositeFaceletHandler.apply(CompositeFaceletHandler.java:46)
	at org.apache.myfaces.view.facelets.compiler.NamespaceHandler.apply(NamespaceHandler.java:59)
	at javax.faces.view.facelets.CompositeFaceletHandler.apply(CompositeFaceletHandler.java:46)
	at javax.faces.view.facelets.CompositeFaceletHandler.apply(CompositeFaceletHandler.java:46)
	at org.apache.myfaces.view.facelets.compiler.EncodingHandler.apply(EncodingHandler.java:48)
	at org.apache.myfaces.view.facelets.impl.DefaultFacelet.include(DefaultFacelet.java:521)
	at org.apache.myfaces.view.facelets.impl.DefaultFacelet.include(DefaultFacelet.java:575)
	at org.apache.myfaces.view.facelets.impl.DefaultFacelet.include(DefaultFacelet.java:553)
	at org.apache.myfaces.view.facelets.impl.DefaultFaceletContext.includeFacelet(DefaultFaceletContext.java:240)
	at org.apache.myfaces.view.facelets.tag.ui.CompositionHandler.apply(CompositionHandler.java:151)
	at org.apache.myfaces.view.facelets.compiler.NamespaceHandler.apply(NamespaceHandler.java:59)
	at org.apache.myfaces.view.facelets.compiler.EncodingHandler.apply(EncodingHandler.java:48)
	at org.apache.myfaces.view.facelets.impl.DefaultFacelet.apply(DefaultFacelet.java:189)
	at org.apache.myfaces.view.facelets.FaceletViewDeclarationLanguage.buildView(FaceletViewDeclarationLanguage.java:477)
	at org.apache.myfaces.lifecycle.RenderResponseExecutor.execute(RenderResponseExecutor.java:78)
	at org.apache.myfaces.lifecycle.LifecycleImpl.render(LifecycleImpl.java:267)
	at javax.faces.webapp.FacesServlet.service(FacesServlet.java:200)
	at org.apache.catalina.core.ApplicationFilterChain.internalDoFilter(ApplicationFilterChain.java:303)
	at org.apache.catalina.core.ApplicationFilterChain.doFilter(ApplicationFilterChain.java:208)
	at org.apache.tomcat.websocket.server.WsFilter.doFilter(WsFilter.java:52)
	at org.apache.catalina.core.ApplicationFilterChain.internalDoFilter(ApplicationFilterChain.java:241)
	at org.apache.catalina.core.ApplicationFilterChain.doFilter(ApplicationFilterChain.java:208)
	at org.apache.catalina.core.StandardWrapperValve.invoke(StandardWrapperValve.java:220)
	at org.apache.catalina.core.StandardContextValve.invoke(StandardContextValve.java:122)
	at org.apache.tomee.catalina.OpenEJBValve.invoke(OpenEJBValve.java:44)
	at org.apache.catalina.authenticator.AuthenticatorBase.invoke(AuthenticatorBase.java:501)
	at org.apache.catalina.core.StandardHostValve.invoke(StandardHostValve.java:171)
	at org.apache.catalina.valves.ErrorReportValve.invoke(ErrorReportValve.java:103)
	at org.apache.catalina.valves.AccessLogValve.invoke(AccessLogValve.java:950)
	at org.apache.catalina.core.StandardEngineValve.invoke(StandardEngineValve.java:116)
	at org.apache.catalina.connector.CoyoteAdapter.service(CoyoteAdapter.java:408)
	at org.apache.coyote.http11.AbstractHttp11Processor.process(AbstractHttp11Processor.java:1070)
	at org.apache.coyote.AbstractProtocol$AbstractConnectionHandler.process(AbstractProtocol.java:611)
	at org.apache.tomcat.util.net.JIoEndpoint$SocketProcessor.run(JIoEndpoint.java:316)
	at java.util.concurrent.ThreadPoolExecutor.runWorker(ThreadPoolExecutor.java:1142)
	at java.util.concurrent.ThreadPoolExecutor$Worker.run(ThreadPoolExecutor.java:617)
	at org.apache.tomcat.util.threads.TaskThread$WrappingRunnable.run(TaskThread.java:61)
	at java.lang.Thread.run(Thread.java:745)

giu 13, 2015 9:04:13 PM org.apache.catalina.core.StandardWrapperValve invoke
GRAVE: Servlet.service() for servlet [Faces Servlet] in context with path [/paws-and-claws] threw exception [javax.el.ELException: javax.ejb.EJBException: The bean encountered a non-application exception; nested exception is: 
	<openjpa-2.4.0-nonfinal-1598334-r422266:1599166 fatal user error> org.apache.openjpa.persistence.ArgumentException: Errors encountered while resolving metadata.  See nested exceptions for details.] with root cause
<openjpa-2.4.0-nonfinal-1598334-r422266:1599166 fatal user error> org.apache.openjpa.persistence.ArgumentException: "models.Fornitore.prodotti" declares that it is mapped by "fornitori", but that field also declares that it is mapped by another.  Only one side of a relation can declare that it is mapped by another field.
	at org.apache.openjpa.meta.FieldMetaData.getMappedByMetaData(FieldMetaData.java:870)
	at org.apache.openjpa.jdbc.meta.FieldMapping.getMappedByMapping(FieldMapping.java:445)
	at org.apache.openjpa.jdbc.meta.MappingRepository.useInverseKeyMapping(MappingRepository.java:1047)
	at org.apache.openjpa.jdbc.meta.MappingRepository.defaultTypeStrategy(MappingRepository.java:960)
	at org.apache.openjpa.jdbc.meta.MappingRepository.defaultStrategy(MappingRepository.java:887)
	at org.apache.openjpa.jdbc.meta.RuntimeStrategyInstaller.installStrategy(RuntimeStrategyInstaller.java:66)
	at org.apache.openjpa.jdbc.meta.FieldMapping.resolveMapping(FieldMapping.java:496)
	at org.apache.openjpa.jdbc.meta.FieldMapping.resolve(FieldMapping.java:461)
	at org.apache.openjpa.jdbc.meta.ClassMapping.resolveMapping(ClassMapping.java:854)
	at org.apache.openjpa.meta.ClassMetaData.resolve(ClassMetaData.java:1811)
	at org.apache.openjpa.meta.MetaDataRepository.processBuffer(MetaDataRepository.java:829)
	at org.apache.openjpa.meta.MetaDataRepository.resolveMapping(MetaDataRepository.java:784)
	at org.apache.openjpa.meta.MetaDataRepository.resolve(MetaDataRepository.java:664)
	at org.apache.openjpa.meta.MetaDataRepository.getMetaDataInternal(MetaDataRepository.java:418)
	at org.apache.openjpa.meta.MetaDataRepository.getMetaData(MetaDataRepository.java:389)
	at org.apache.openjpa.jdbc.meta.MappingRepository.getMapping(MappingRepository.java:354)
	at org.apache.openjpa.jdbc.meta.MappingTool.getMapping(MappingTool.java:682)
	at org.apache.openjpa.jdbc.meta.MappingTool.buildSchema(MappingTool.java:754)
	at org.apache.openjpa.jdbc.meta.MappingTool.run(MappingTool.java:652)
	at org.apache.openjpa.jdbc.kernel.JDBCBrokerFactory.synchronizeMappings(JDBCBrokerFactory.java:154)
	at org.apache.openjpa.jdbc.kernel.JDBCBrokerFactory.synchronizeMappings(JDBCBrokerFactory.java:164)
	at org.apache.openjpa.jdbc.kernel.JDBCBrokerFactory.newBrokerImpl(JDBCBrokerFactory.java:122)
	at org.apache.openjpa.kernel.AbstractBrokerFactory.newBroker(AbstractBrokerFactory.java:208)
	at org.apache.openjpa.kernel.DelegatingBrokerFactory.newBroker(DelegatingBrokerFactory.java:155)
	at org.apache.openjpa.persistence.EntityManagerFactoryImpl.createEntityManager(EntityManagerFactoryImpl.java:226)
	at org.apache.openjpa.persistence.EntityManagerFactoryImpl.createEntityManager(EntityManagerFactoryImpl.java:59)
	at org.apache.openejb.assembler.classic.ReloadableEntityManagerFactory.createEntityManager(ReloadableEntityManagerFactory.java:160)
	at org.apache.openejb.persistence.JtaEntityManagerRegistry.getEntityManager(JtaEntityManagerRegistry.java:119)
	at org.apache.openejb.persistence.JtaEntityManager.getEntityManager(JtaEntityManager.java:96)
	at org.apache.openejb.persistence.JtaEntityManager.typedProxyIfNoTx(JtaEntityManager.java:333)
	at org.apache.openejb.persistence.JtaEntityManager.createQuery(JtaEntityManager.java:405)
	at facades.ProdottoFacade.getProdotti(ProdottoFacade.java:47)
	at sun.reflect.NativeMethodAccessorImpl.invoke0(Native Method)
	at sun.reflect.NativeMethodAccessorImpl.invoke(NativeMethodAccessorImpl.java:62)
	at sun.reflect.DelegatingMethodAccessorImpl.invoke(DelegatingMethodAccessorImpl.java:43)
	at java.lang.reflect.Method.invoke(Method.java:497)
	at org.apache.openejb.core.interceptor.ReflectionInvocationContext$Invocation.invoke(ReflectionInvocationContext.java:192)
	at org.apache.openejb.core.interceptor.ReflectionInvocationContext.proceed(ReflectionInvocationContext.java:173)
	at org.apache.openejb.monitoring.StatsInterceptor.record(StatsInterceptor.java:181)
	at org.apache.openejb.monitoring.StatsInterceptor.invoke(StatsInterceptor.java:100)
	at sun.reflect.GeneratedMethodAccessor228.invoke(Unknown Source)
	at sun.reflect.DelegatingMethodAccessorImpl.invoke(DelegatingMethodAccessorImpl.java:43)
	at java.lang.reflect.Method.invoke(Method.java:497)
	at org.apache.openejb.core.interceptor.ReflectionInvocationContext$Invocation.invoke(ReflectionInvocationContext.java:192)
	at org.apache.openejb.core.interceptor.ReflectionInvocationContext.proceed(ReflectionInvocationContext.java:173)
	at org.apache.openejb.core.interceptor.InterceptorStack.invoke(InterceptorStack.java:85)
	at org.apache.openejb.core.stateless.StatelessContainer._invoke(StatelessContainer.java:227)
	at org.apache.openejb.core.stateless.StatelessContainer.invoke(StatelessContainer.java:194)
	at org.apache.openejb.core.ivm.EjbObjectProxyHandler.synchronizedBusinessMethod(EjbObjectProxyHandler.java:308)
	at org.apache.openejb.core.ivm.EjbObjectProxyHandler.businessMethod(EjbObjectProxyHandler.java:303)
	at org.apache.openejb.core.ivm.EjbObjectProxyHandler._invoke(EjbObjectProxyHandler.java:92)
	at org.apache.openejb.core.ivm.BaseEjbProxyHandler.invoke(BaseEjbProxyHandler.java:308)
	at facades.ProdottoFacade$$LocalBeanProxy.getProdotti(facades/ProdottoFacade.java)
	at controllers.CatalogoController.inizializza(CatalogoController.java:35)
	at sun.reflect.NativeMethodAccessorImpl.invoke0(Native Method)
	at sun.reflect.NativeMethodAccessorImpl.invoke(NativeMethodAccessorImpl.java:62)
	at sun.reflect.DelegatingMethodAccessorImpl.invoke(DelegatingMethodAccessorImpl.java:43)
	at java.lang.reflect.Method.invoke(Method.java:497)
	at org.apache.el.parser.AstValue.invoke(AstValue.java:278)
	at org.apache.el.MethodExpressionImpl.invoke(MethodExpressionImpl.java:273)
	at org.apache.myfaces.view.facelets.el.ContextAwareTagMethodExpression.invoke(ContextAwareTagMethodExpression.java:96)
	at org.apache.myfaces.application.ActionListenerImpl.processAction(ActionListenerImpl.java:74)
	at javax.faces.component.UICommand.broadcast(UICommand.java:120)
	at javax.faces.component.UIViewRoot._broadcastAll(UIViewRoot.java:1172)
	at javax.faces.component.UIViewRoot.broadcastEvents(UIViewRoot.java:365)
	at javax.faces.component.UIViewRoot._process(UIViewRoot.java:1658)
	at javax.faces.component.UIViewRoot.processApplication(UIViewRoot.java:862)
	at org.apache.myfaces.lifecycle.InvokeApplicationExecutor.execute(InvokeApplicationExecutor.java:42)
	at org.apache.myfaces.lifecycle.LifecycleImpl.executePhase(LifecycleImpl.java:196)
	at org.apache.myfaces.lifecycle.LifecycleImpl.execute(LifecycleImpl.java:143)
	at javax.faces.webapp.FacesServlet.service(FacesServlet.java:198)
	at org.apache.catalina.core.ApplicationFilterChain.internalDoFilter(ApplicationFilterChain.java:303)
	at org.apache.catalina.core.ApplicationFilterChain.doFilter(ApplicationFilterChain.java:208)
	at org.apache.tomcat.websocket.server.WsFilter.doFilter(WsFilter.java:52)
	at org.apache.catalina.core.ApplicationFilterChain.internalDoFilter(ApplicationFilterChain.java:241)
	at org.apache.catalina.core.ApplicationFilterChain.doFilter(ApplicationFilterChain.java:208)
	at org.apache.catalina.core.StandardWrapperValve.invoke(StandardWrapperValve.java:220)
	at org.apache.catalina.core.StandardContextValve.invoke(StandardContextValve.java:122)
	at org.apache.tomee.catalina.OpenEJBValve.invoke(OpenEJBValve.java:44)
	at org.apache.catalina.authenticator.AuthenticatorBase.invoke(AuthenticatorBase.java:501)
	at org.apache.catalina.core.StandardHostValve.invoke(StandardHostValve.java:171)
	at org.apache.catalina.valves.ErrorReportValve.invoke(ErrorReportValve.java:103)
	at org.apache.catalina.valves.AccessLogValve.invoke(AccessLogValve.java:950)
	at org.apache.catalina.core.StandardEngineValve.invoke(StandardEngineValve.java:116)
	at org.apache.catalina.connector.CoyoteAdapter.service(CoyoteAdapter.java:408)
	at org.apache.coyote.http11.AbstractHttp11Processor.process(AbstractHttp11Processor.java:1070)
	at org.apache.coyote.AbstractProtocol$AbstractConnectionHandler.process(AbstractProtocol.java:611)
	at org.apache.tomcat.util.net.JIoEndpoint$SocketProcessor.run(JIoEndpoint.java:316)
	at java.util.concurrent.ThreadPoolExecutor.runWorker(ThreadPoolExecutor.java:1142)
	at java.util.concurrent.ThreadPoolExecutor$Worker.run(ThreadPoolExecutor.java:617)
	at org.apache.tomcat.util.threads.TaskThread$WrappingRunnable.run(TaskThread.java:61)
	at java.lang.Thread.run(Thread.java:745)

giu 13, 2015 9:04:32 PM org.apache.catalina.core.StandardWrapperValve invoke
GRAVE: Servlet.service() for servlet [Faces Servlet] in context with path [/paws-and-claws] threw exception [javax.el.ELException: javax.ejb.EJBException: The bean encountered a non-application exception; nested exception is: 
	<openjpa-2.4.0-nonfinal-1598334-r422266:1599166 fatal user error> org.apache.openjpa.persistence.ArgumentException: Errors encountered while resolving metadata.  See nested exceptions for details.] with root cause
<openjpa-2.4.0-nonfinal-1598334-r422266:1599166 fatal user error> org.apache.openjpa.persistence.ArgumentException: "models.Prodotto.fornitori" declares that it is mapped by "prodotti", but that field also declares that it is mapped by another.  Only one side of a relation can declare that it is mapped by another field.
	at org.apache.openjpa.meta.FieldMetaData.getMappedByMetaData(FieldMetaData.java:870)
	at org.apache.openjpa.jdbc.meta.FieldMapping.getMappedByMapping(FieldMapping.java:445)
	at org.apache.openjpa.jdbc.meta.MappingRepository.isBiMTo1JT(MappingRepository.java:1135)
	at org.apache.openjpa.jdbc.meta.FieldMapping.isBiMTo1JT(FieldMapping.java:1281)
	at org.apache.openjpa.jdbc.meta.strats.MapTableFieldStrategy.map(MapTableFieldStrategy.java:117)
	at org.apache.openjpa.jdbc.meta.strats.HandlerRelationMapTableFieldStrategy.map(HandlerRelationMapTableFieldStrategy.java:139)
	at org.apache.openjpa.jdbc.meta.FieldMapping.setStrategy(FieldMapping.java:146)
	at org.apache.openjpa.jdbc.meta.RuntimeStrategyInstaller.installStrategy(RuntimeStrategyInstaller.java:82)
	at org.apache.openjpa.jdbc.meta.FieldMapping.resolveMapping(FieldMapping.java:496)
	at org.apache.openjpa.jdbc.meta.FieldMapping.resolve(FieldMapping.java:461)
	at org.apache.openjpa.jdbc.meta.ClassMapping.resolveMapping(ClassMapping.java:854)
	at org.apache.openjpa.meta.ClassMetaData.resolve(ClassMetaData.java:1811)
	at org.apache.openjpa.meta.MetaDataRepository.processBuffer(MetaDataRepository.java:829)
	at org.apache.openjpa.meta.MetaDataRepository.resolveMapping(MetaDataRepository.java:784)
	at org.apache.openjpa.meta.MetaDataRepository.resolve(MetaDataRepository.java:664)
	at org.apache.openjpa.meta.MetaDataRepository.getMetaDataInternal(MetaDataRepository.java:418)
	at org.apache.openjpa.meta.MetaDataRepository.getMetaData(MetaDataRepository.java:389)
	at org.apache.openjpa.meta.MetaDataRepository.getMetaData(MetaDataRepository.java:472)
	at org.apache.openjpa.kernel.QueryImpl.classForName(QueryImpl.java:1641)
	at org.apache.openjpa.kernel.ExpressionStoreQuery$1.classForName(ExpressionStoreQuery.java:113)
	at org.apache.openjpa.kernel.jpql.JPQLExpressionBuilder.getClassMetaData(JPQLExpressionBuilder.java:185)
	at org.apache.openjpa.kernel.jpql.JPQLExpressionBuilder.resolveClassMetaData(JPQLExpressionBuilder.java:152)
	at org.apache.openjpa.kernel.jpql.JPQLExpressionBuilder.getCandidateMetaData(JPQLExpressionBuilder.java:242)
	at org.apache.openjpa.kernel.jpql.JPQLExpressionBuilder.getCandidateMetaData(JPQLExpressionBuilder.java:212)
	at org.apache.openjpa.kernel.jpql.JPQLExpressionBuilder.getCandidateType(JPQLExpressionBuilder.java:205)
	at org.apache.openjpa.kernel.jpql.JPQLExpressionBuilder.access$200(JPQLExpressionBuilder.java:80)
	at org.apache.openjpa.kernel.jpql.JPQLExpressionBuilder$ParsedJPQL.populate(JPQLExpressionBuilder.java:2428)
	at org.apache.openjpa.kernel.jpql.JPQLParser.populate(JPQLParser.java:61)
	at org.apache.openjpa.kernel.ExpressionStoreQuery.populateFromCompilation(ExpressionStoreQuery.java:162)
	at org.apache.openjpa.kernel.QueryImpl.newCompilation(QueryImpl.java:673)
	at org.apache.openjpa.kernel.QueryImpl.compilationFromCache(QueryImpl.java:654)
	at org.apache.openjpa.kernel.QueryImpl.compileForCompilation(QueryImpl.java:620)
	at org.apache.openjpa.kernel.QueryImpl.compileForExecutor(QueryImpl.java:682)
	at org.apache.openjpa.kernel.QueryImpl.compile(QueryImpl.java:589)
	at org.apache.openjpa.persistence.EntityManagerImpl.createQuery(EntityManagerImpl.java:997)
	at org.apache.openjpa.persistence.EntityManagerImpl.createQuery(EntityManagerImpl.java:979)
	at org.apache.openjpa.persistence.EntityManagerImpl.createQuery(EntityManagerImpl.java:975)
	at sun.reflect.NativeMethodAccessorImpl.invoke0(Native Method)
	at sun.reflect.NativeMethodAccessorImpl.invoke(NativeMethodAccessorImpl.java:62)
	at sun.reflect.DelegatingMethodAccessorImpl.invoke(DelegatingMethodAccessorImpl.java:43)
	at java.lang.reflect.Method.invoke(Method.java:497)
	at org.apache.openejb.persistence.JtaEntityManager.createQuery(JtaEntityManager.java:338)
	at org.apache.openejb.persistence.JtaEntityManager.typedProxyIfNoTx(JtaEntityManager.java:333)
	at org.apache.openejb.persistence.JtaEntityManager.createQuery(JtaEntityManager.java:405)
	at facades.ProdottoFacade.getProdotti(ProdottoFacade.java:47)
	at sun.reflect.NativeMethodAccessorImpl.invoke0(Native Method)
	at sun.reflect.NativeMethodAccessorImpl.invoke(NativeMethodAccessorImpl.java:62)
	at sun.reflect.DelegatingMethodAccessorImpl.invoke(DelegatingMethodAccessorImpl.java:43)
	at java.lang.reflect.Method.invoke(Method.java:497)
	at org.apache.openejb.core.interceptor.ReflectionInvocationContext$Invocation.invoke(ReflectionInvocationContext.java:192)
	at org.apache.openejb.core.interceptor.ReflectionInvocationContext.proceed(ReflectionInvocationContext.java:173)
	at org.apache.openejb.monitoring.StatsInterceptor.record(StatsInterceptor.java:181)
	at org.apache.openejb.monitoring.StatsInterceptor.invoke(StatsInterceptor.java:100)
	at sun.reflect.GeneratedMethodAccessor228.invoke(Unknown Source)
	at sun.reflect.DelegatingMethodAccessorImpl.invoke(DelegatingMethodAccessorImpl.java:43)
	at java.lang.reflect.Method.invoke(Method.java:497)
	at org.apache.openejb.core.interceptor.ReflectionInvocationContext$Invocation.invoke(ReflectionInvocationContext.java:192)
	at org.apache.openejb.core.interceptor.ReflectionInvocationContext.proceed(ReflectionInvocationContext.java:173)
	at org.apache.openejb.core.interceptor.InterceptorStack.invoke(InterceptorStack.java:85)
	at org.apache.openejb.core.stateless.StatelessContainer._invoke(StatelessContainer.java:227)
	at org.apache.openejb.core.stateless.StatelessContainer.invoke(StatelessContainer.java:194)
	at org.apache.openejb.core.ivm.EjbObjectProxyHandler.synchronizedBusinessMethod(EjbObjectProxyHandler.java:308)
	at org.apache.openejb.core.ivm.EjbObjectProxyHandler.businessMethod(EjbObjectProxyHandler.java:303)
	at org.apache.openejb.core.ivm.EjbObjectProxyHandler._invoke(EjbObjectProxyHandler.java:92)
	at org.apache.openejb.core.ivm.BaseEjbProxyHandler.invoke(BaseEjbProxyHandler.java:308)
	at facades.ProdottoFacade$$LocalBeanProxy.getProdotti(facades/ProdottoFacade.java)
	at controllers.CatalogoController.inizializza(CatalogoController.java:35)
	at sun.reflect.NativeMethodAccessorImpl.invoke0(Native Method)
	at sun.reflect.NativeMethodAccessorImpl.invoke(NativeMethodAccessorImpl.java:62)
	at sun.reflect.DelegatingMethodAccessorImpl.invoke(DelegatingMethodAccessorImpl.java:43)
	at java.lang.reflect.Method.invoke(Method.java:497)
	at org.apache.el.parser.AstValue.invoke(AstValue.java:278)
	at org.apache.el.MethodExpressionImpl.invoke(MethodExpressionImpl.java:273)
	at org.apache.myfaces.view.facelets.el.ContextAwareTagMethodExpression.invoke(ContextAwareTagMethodExpression.java:96)
	at org.apache.myfaces.application.ActionListenerImpl.processAction(ActionListenerImpl.java:74)
	at javax.faces.component.UICommand.broadcast(UICommand.java:120)
	at javax.faces.component.UIViewRoot._broadcastAll(UIViewRoot.java:1172)
	at javax.faces.component.UIViewRoot.broadcastEvents(UIViewRoot.java:365)
	at javax.faces.component.UIViewRoot._process(UIViewRoot.java:1658)
	at javax.faces.component.UIViewRoot.processApplication(UIViewRoot.java:862)
	at org.apache.myfaces.lifecycle.InvokeApplicationExecutor.execute(InvokeApplicationExecutor.java:42)
	at org.apache.myfaces.lifecycle.LifecycleImpl.executePhase(LifecycleImpl.java:196)
	at org.apache.myfaces.lifecycle.LifecycleImpl.execute(LifecycleImpl.java:143)
	at javax.faces.webapp.FacesServlet.service(FacesServlet.java:198)
	at org.apache.catalina.core.ApplicationFilterChain.internalDoFilter(ApplicationFilterChain.java:303)
	at org.apache.catalina.core.ApplicationFilterChain.doFilter(ApplicationFilterChain.java:208)
	at org.apache.tomcat.websocket.server.WsFilter.doFilter(WsFilter.java:52)
	at org.apache.catalina.core.ApplicationFilterChain.internalDoFilter(ApplicationFilterChain.java:241)
	at org.apache.catalina.core.ApplicationFilterChain.doFilter(ApplicationFilterChain.java:208)
	at org.apache.catalina.core.StandardWrapperValve.invoke(StandardWrapperValve.java:220)
	at org.apache.catalina.core.StandardContextValve.invoke(StandardContextValve.java:122)
	at org.apache.tomee.catalina.OpenEJBValve.invoke(OpenEJBValve.java:44)
	at org.apache.catalina.authenticator.AuthenticatorBase.invoke(AuthenticatorBase.java:501)
	at org.apache.catalina.core.StandardHostValve.invoke(StandardHostValve.java:171)
	at org.apache.catalina.valves.ErrorReportValve.invoke(ErrorReportValve.java:103)
	at org.apache.catalina.valves.AccessLogValve.invoke(AccessLogValve.java:950)
	at org.apache.catalina.core.StandardEngineValve.invoke(StandardEngineValve.java:116)
	at org.apache.catalina.connector.CoyoteAdapter.service(CoyoteAdapter.java:408)
	at org.apache.coyote.http11.AbstractHttp11Processor.process(AbstractHttp11Processor.java:1070)
	at org.apache.coyote.AbstractProtocol$AbstractConnectionHandler.process(AbstractProtocol.java:611)
	at org.apache.tomcat.util.net.JIoEndpoint$SocketProcessor.run(JIoEndpoint.java:316)
	at java.util.concurrent.ThreadPoolExecutor.runWorker(ThreadPoolExecutor.java:1142)
	at java.util.concurrent.ThreadPoolExecutor$Worker.run(ThreadPoolExecutor.java:617)
	at org.apache.tomcat.util.threads.TaskThread$WrappingRunnable.run(TaskThread.java:61)
	at java.lang.Thread.run(Thread.java:745)

